[2021-06-25 15:07:26,868] {taskinstance.py:876} INFO - Dependencies all met for <TaskInstance: user_processing.creating_table 2021-06-24T00:00:00+00:00 [queued]>
[2021-06-25 15:07:26,875] {taskinstance.py:876} INFO - Dependencies all met for <TaskInstance: user_processing.creating_table 2021-06-24T00:00:00+00:00 [queued]>
[2021-06-25 15:07:26,875] {taskinstance.py:1067} INFO - 
--------------------------------------------------------------------------------
[2021-06-25 15:07:26,875] {taskinstance.py:1068} INFO - Starting attempt 3 of 3
[2021-06-25 15:07:26,875] {taskinstance.py:1069} INFO - 
--------------------------------------------------------------------------------
[2021-06-25 15:07:26,880] {taskinstance.py:1087} INFO - Executing <Task(SqliteOperator): creating_table> on 2021-06-24T00:00:00+00:00
[2021-06-25 15:07:26,884] {standard_task_runner.py:52} INFO - Started process 31313 to run task
[2021-06-25 15:07:26,888] {standard_task_runner.py:76} INFO - Running: ['airflow', 'tasks', 'run', 'user_processing', 'creating_table', '2021-06-24T00:00:00+00:00', '--job-id', '5', '--pool', 'default_pool', '--raw', '--subdir', 'DAGS_FOLDER/user_processing.py', '--cfg-path', '/var/folders/9t/2jnn4bv95w9552ldckktgq900000gn/T/tmp507bdfiz', '--error-file', '/var/folders/9t/2jnn4bv95w9552ldckktgq900000gn/T/tmp2jw2z_8h']
[2021-06-25 15:07:26,890] {standard_task_runner.py:77} INFO - Job 5: Subtask creating_table
[2021-06-25 15:07:26,908] {logging_mixin.py:104} INFO - Running <TaskInstance: user_processing.creating_table 2021-06-24T00:00:00+00:00 [running]> on host saidamirs-macbook-pro.local
[2021-06-25 15:07:26,922] {taskinstance.py:1280} INFO - Exporting the following env vars:
AIRFLOW_CTX_DAG_OWNER=airflow
AIRFLOW_CTX_DAG_ID=user_processing
AIRFLOW_CTX_TASK_ID=creating_table
AIRFLOW_CTX_EXECUTION_DATE=2021-06-24T00:00:00+00:00
AIRFLOW_CTX_DAG_RUN_ID=scheduled__2021-06-24T00:00:00+00:00
[2021-06-25 15:07:26,922] {sqlite.py:61} INFO - Executing: 
        CREATE TABLE IF NOT EXISTS users (
            firstname TEXT NOT NULL,
            lastname TEXT NOT NULL,
            country TEXT NOT NULL,
            username TEXT NOT NULL,
            password TEXT NOT NULL,
            email TEXT NOT NULL PRIMARY KEY
        )
        
[2021-06-25 15:07:26,924] {base.py:69} INFO - Using connection to: id: db_sqlite. Host: /Users/saidamirmarufkhujaev/airflow/airflow.db, Port: None, Schema: , Login: , Password: None, extra: {}
[2021-06-25 15:07:26,924] {dbapi.py:204} INFO - Running statement: 
        CREATE TABLE IF NOT EXISTS users (
            firstname TEXT NOT NULL,
            lastname TEXT NOT NULL,
            country TEXT NOT NULL,
            username TEXT NOT NULL,
            password TEXT NOT NULL,
            email TEXT NOT NULL PRIMARY KEY
        )
        , parameters: []
[2021-06-25 15:07:26,926] {taskinstance.py:1184} INFO - Marking task as SUCCESS. dag_id=user_processing, task_id=creating_table, execution_date=20210624T000000, start_date=20210625T100726, end_date=20210625T100726
[2021-06-25 15:07:26,932] {taskinstance.py:1245} INFO - 1 downstream tasks scheduled from follow-on schedule check
[2021-06-25 15:07:26,949] {local_task_job.py:151} INFO - Task exited with return code 0
