[2021-06-25 15:48:07,318] {taskinstance.py:876} INFO - Dependencies all met for <TaskInstance: user_processing.creating_table 2021-06-25T10:44:39.470543+00:00 [queued]>
[2021-06-25 15:48:07,321] {taskinstance.py:876} INFO - Dependencies all met for <TaskInstance: user_processing.creating_table 2021-06-25T10:44:39.470543+00:00 [queued]>
[2021-06-25 15:48:07,321] {taskinstance.py:1067} INFO - 
--------------------------------------------------------------------------------
[2021-06-25 15:48:07,321] {taskinstance.py:1068} INFO - Starting attempt 1 of 1
[2021-06-25 15:48:07,321] {taskinstance.py:1069} INFO - 
--------------------------------------------------------------------------------
[2021-06-25 15:48:07,324] {taskinstance.py:1087} INFO - Executing <Task(SqliteOperator): creating_table> on 2021-06-25T10:44:39.470543+00:00
[2021-06-25 15:48:07,326] {standard_task_runner.py:52} INFO - Started process 33433 to run task
[2021-06-25 15:48:07,330] {standard_task_runner.py:76} INFO - Running: ['airflow', 'tasks', 'run', 'user_processing', 'creating_table', '2021-06-25T10:44:39.470543+00:00', '--job-id', '16', '--pool', 'default_pool', '--raw', '--subdir', 'DAGS_FOLDER/user_processing.py', '--cfg-path', '/var/folders/9t/2jnn4bv95w9552ldckktgq900000gn/T/tmp98dp_uut', '--error-file', '/var/folders/9t/2jnn4bv95w9552ldckktgq900000gn/T/tmpbjtq_t48']
[2021-06-25 15:48:07,331] {standard_task_runner.py:77} INFO - Job 16: Subtask creating_table
[2021-06-25 15:48:07,344] {logging_mixin.py:104} INFO - Running <TaskInstance: user_processing.creating_table 2021-06-25T10:44:39.470543+00:00 [running]> on host saidamirs-macbook-pro.local
[2021-06-25 15:48:07,355] {taskinstance.py:1280} INFO - Exporting the following env vars:
AIRFLOW_CTX_DAG_OWNER=airflow
AIRFLOW_CTX_DAG_ID=user_processing
AIRFLOW_CTX_TASK_ID=creating_table
AIRFLOW_CTX_EXECUTION_DATE=2021-06-25T10:44:39.470543+00:00
AIRFLOW_CTX_DAG_RUN_ID=manual__2021-06-25T10:44:39.470543+00:00
[2021-06-25 15:48:07,355] {sqlite.py:61} INFO - Executing: 
        CREATE TABLE IF NOT EXISTS users (
            firstname TEXT NOT NULL,
            lastname TEXT NOT NULL,
            country TEXT NOT NULL,
            username TEXT NOT NULL,
            password TEXT NOT NULL,
            email TEXT NOT NULL PRIMARY KEY
        )
        
[2021-06-25 15:48:07,356] {base.py:69} INFO - Using connection to: id: db_sqlite. Host: /Users/saidamirmarufkhujaev/airflow/airflow.db, Port: None, Schema: , Login: , Password: None, extra: {}
[2021-06-25 15:48:07,357] {dbapi.py:204} INFO - Running statement: 
        CREATE TABLE IF NOT EXISTS users (
            firstname TEXT NOT NULL,
            lastname TEXT NOT NULL,
            country TEXT NOT NULL,
            username TEXT NOT NULL,
            password TEXT NOT NULL,
            email TEXT NOT NULL PRIMARY KEY
        )
        , parameters: []
[2021-06-25 15:48:07,358] {taskinstance.py:1184} INFO - Marking task as SUCCESS. dag_id=user_processing, task_id=creating_table, execution_date=20210625T104439, start_date=20210625T104807, end_date=20210625T104807
[2021-06-25 15:48:07,364] {taskinstance.py:1245} INFO - 1 downstream tasks scheduled from follow-on schedule check
[2021-06-25 15:48:07,391] {local_task_job.py:151} INFO - Task exited with return code 0
