[2021-06-26 13:31:47,740] {taskinstance.py:876} INFO - Dependencies all met for <TaskInstance: parallel_dag.task_1 2021-06-26T08:31:46.322833+00:00 [queued]>
[2021-06-26 13:31:47,744] {taskinstance.py:876} INFO - Dependencies all met for <TaskInstance: parallel_dag.task_1 2021-06-26T08:31:46.322833+00:00 [queued]>
[2021-06-26 13:31:47,744] {taskinstance.py:1067} INFO - 
--------------------------------------------------------------------------------
[2021-06-26 13:31:47,744] {taskinstance.py:1068} INFO - Starting attempt 1 of 1
[2021-06-26 13:31:47,744] {taskinstance.py:1069} INFO - 
--------------------------------------------------------------------------------
[2021-06-26 13:31:47,754] {taskinstance.py:1087} INFO - Executing <Task(BashOperator): task_1> on 2021-06-26T08:31:46.322833+00:00
[2021-06-26 13:31:47,755] {standard_task_runner.py:52} INFO - Started process 52303 to run task
[2021-06-26 13:31:47,760] {standard_task_runner.py:76} INFO - Running: ['airflow', 'tasks', 'run', 'parallel_dag', 'task_1', '2021-06-26T08:31:46.322833+00:00', '--job-id', '11', '--pool', 'default_pool', '--raw', '--subdir', 'DAGS_FOLDER/parallel_dag.py', '--cfg-path', '/var/folders/9t/2jnn4bv95w9552ldckktgq900000gn/T/tmp00wonu0p', '--error-file', '/var/folders/9t/2jnn4bv95w9552ldckktgq900000gn/T/tmp36voj7ou']
[2021-06-26 13:31:47,760] {standard_task_runner.py:77} INFO - Job 11: Subtask task_1
[2021-06-26 13:31:47,792] {logging_mixin.py:104} INFO - Running <TaskInstance: parallel_dag.task_1 2021-06-26T08:31:46.322833+00:00 [running]> on host saidamirs-macbook-pro.local
[2021-06-26 13:31:47,831] {taskinstance.py:1280} INFO - Exporting the following env vars:
AIRFLOW_CTX_DAG_OWNER=airflow
AIRFLOW_CTX_DAG_ID=parallel_dag
AIRFLOW_CTX_TASK_ID=task_1
AIRFLOW_CTX_EXECUTION_DATE=2021-06-26T08:31:46.322833+00:00
AIRFLOW_CTX_DAG_RUN_ID=manual__2021-06-26T08:31:46.322833+00:00
[2021-06-26 13:31:47,832] {subprocess.py:52} INFO - Tmp dir root location: 
 /var/folders/9t/2jnn4bv95w9552ldckktgq900000gn/T
[2021-06-26 13:31:47,832] {subprocess.py:63} INFO - Running command: ['bash', '-c', 'sleep 3']
[2021-06-26 13:31:47,840] {subprocess.py:75} INFO - Output:
[2021-06-26 13:31:50,853] {subprocess.py:83} INFO - Command exited with return code 0
[2021-06-26 13:31:50,874] {taskinstance.py:1184} INFO - Marking task as SUCCESS. dag_id=parallel_dag, task_id=task_1, execution_date=20210626T083146, start_date=20210626T083147, end_date=20210626T083150
[2021-06-26 13:31:50,893] {taskinstance.py:1245} INFO - 2 downstream tasks scheduled from follow-on schedule check
[2021-06-26 13:31:50,929] {local_task_job.py:151} INFO - Task exited with return code 0
