[2021-06-26 12:46:46,979] {taskinstance.py:876} INFO - Dependencies all met for <TaskInstance: parallel_dag.task_4 2021-06-26T07:46:37.903175+00:00 [queued]>
[2021-06-26 12:46:46,989] {taskinstance.py:876} INFO - Dependencies all met for <TaskInstance: parallel_dag.task_4 2021-06-26T07:46:37.903175+00:00 [queued]>
[2021-06-26 12:46:46,990] {taskinstance.py:1067} INFO - 
--------------------------------------------------------------------------------
[2021-06-26 12:46:46,990] {taskinstance.py:1068} INFO - Starting attempt 1 of 1
[2021-06-26 12:46:46,990] {taskinstance.py:1069} INFO - 
--------------------------------------------------------------------------------
[2021-06-26 12:46:46,993] {taskinstance.py:1087} INFO - Executing <Task(BashOperator): task_4> on 2021-06-26T07:46:37.903175+00:00
[2021-06-26 12:46:46,995] {standard_task_runner.py:52} INFO - Started process 43975 to run task
[2021-06-26 12:46:46,998] {standard_task_runner.py:76} INFO - Running: ['airflow', 'tasks', 'run', 'parallel_dag', 'task_4', '2021-06-26T07:46:37.903175+00:00', '--job-id', '9', '--pool', 'default_pool', '--raw', '--subdir', 'DAGS_FOLDER/parallel_dag.py', '--cfg-path', '/var/folders/9t/2jnn4bv95w9552ldckktgq900000gn/T/tmp8l2j2lh2', '--error-file', '/var/folders/9t/2jnn4bv95w9552ldckktgq900000gn/T/tmpq6ty_9fh']
[2021-06-26 12:46:46,998] {standard_task_runner.py:77} INFO - Job 9: Subtask task_4
[2021-06-26 12:46:47,030] {logging_mixin.py:104} INFO - Running <TaskInstance: parallel_dag.task_4 2021-06-26T07:46:37.903175+00:00 [running]> on host Saidamirs-MacBook-Pro.local
[2021-06-26 12:46:47,068] {taskinstance.py:1280} INFO - Exporting the following env vars:
AIRFLOW_CTX_DAG_OWNER=airflow
AIRFLOW_CTX_DAG_ID=parallel_dag
AIRFLOW_CTX_TASK_ID=task_4
AIRFLOW_CTX_EXECUTION_DATE=2021-06-26T07:46:37.903175+00:00
AIRFLOW_CTX_DAG_RUN_ID=manual__2021-06-26T07:46:37.903175+00:00
[2021-06-26 12:46:47,068] {subprocess.py:52} INFO - Tmp dir root location: 
 /var/folders/9t/2jnn4bv95w9552ldckktgq900000gn/T
[2021-06-26 12:46:47,069] {subprocess.py:63} INFO - Running command: ['bash', '-c', 'sleep 3']
[2021-06-26 12:46:47,072] {subprocess.py:75} INFO - Output:
[2021-06-26 12:46:50,081] {subprocess.py:83} INFO - Command exited with return code 0
[2021-06-26 12:46:50,131] {taskinstance.py:1184} INFO - Marking task as SUCCESS. dag_id=parallel_dag, task_id=task_4, execution_date=20210626T074637, start_date=20210626T074646, end_date=20210626T074650
[2021-06-26 12:46:50,172] {taskinstance.py:1245} INFO - 0 downstream tasks scheduled from follow-on schedule check
[2021-06-26 12:46:50,206] {local_task_job.py:151} INFO - Task exited with return code 0
