[2021-06-25 17:42:29,753] {taskinstance.py:876} INFO - Dependencies all met for <TaskInstance: parallel_dag.task_2 2021-06-24T00:00:00+00:00 [queued]>
[2021-06-25 17:42:29,755] {taskinstance.py:876} INFO - Dependencies all met for <TaskInstance: parallel_dag.task_2 2021-06-24T00:00:00+00:00 [queued]>
[2021-06-25 17:42:29,755] {taskinstance.py:1067} INFO - 
--------------------------------------------------------------------------------
[2021-06-25 17:42:29,755] {taskinstance.py:1068} INFO - Starting attempt 1 of 1
[2021-06-25 17:42:29,755] {taskinstance.py:1069} INFO - 
--------------------------------------------------------------------------------
[2021-06-25 17:42:29,757] {taskinstance.py:1087} INFO - Executing <Task(BashOperator): task_2> on 2021-06-24T00:00:00+00:00
[2021-06-25 17:42:29,758] {standard_task_runner.py:52} INFO - Started process 37678 to run task
[2021-06-25 17:42:29,761] {standard_task_runner.py:76} INFO - Running: ['airflow', 'tasks', 'run', 'parallel_dag', 'task_2', '2021-06-24T00:00:00+00:00', '--job-id', '19', '--pool', 'default_pool', '--raw', '--subdir', 'DAGS_FOLDER/parallel_dag.py', '--cfg-path', '/var/folders/9t/2jnn4bv95w9552ldckktgq900000gn/T/tmpni25aiyn', '--error-file', '/var/folders/9t/2jnn4bv95w9552ldckktgq900000gn/T/tmp5xldpxf1']
[2021-06-25 17:42:29,761] {standard_task_runner.py:77} INFO - Job 19: Subtask task_2
[2021-06-25 17:42:29,772] {logging_mixin.py:104} INFO - Running <TaskInstance: parallel_dag.task_2 2021-06-24T00:00:00+00:00 [running]> on host saidamirs-macbook-pro.local
[2021-06-25 17:42:29,781] {taskinstance.py:1280} INFO - Exporting the following env vars:
AIRFLOW_CTX_DAG_OWNER=airflow
AIRFLOW_CTX_DAG_ID=parallel_dag
AIRFLOW_CTX_TASK_ID=task_2
AIRFLOW_CTX_EXECUTION_DATE=2021-06-24T00:00:00+00:00
AIRFLOW_CTX_DAG_RUN_ID=scheduled__2021-06-24T00:00:00+00:00
[2021-06-25 17:42:29,782] {subprocess.py:52} INFO - Tmp dir root location: 
 /var/folders/9t/2jnn4bv95w9552ldckktgq900000gn/T
[2021-06-25 17:42:29,782] {subprocess.py:63} INFO - Running command: ['bash', '-c', 'sleep 3']
[2021-06-25 17:42:29,784] {subprocess.py:75} INFO - Output:
[2021-06-25 17:42:32,792] {subprocess.py:83} INFO - Command exited with return code 0
[2021-06-25 17:42:32,827] {taskinstance.py:1184} INFO - Marking task as SUCCESS. dag_id=parallel_dag, task_id=task_2, execution_date=20210624T000000, start_date=20210625T124229, end_date=20210625T124232
[2021-06-25 17:42:32,845] {taskinstance.py:1245} INFO - 0 downstream tasks scheduled from follow-on schedule check
[2021-06-25 17:42:32,866] {local_task_job.py:151} INFO - Task exited with return code 0
