[2021-06-26 13:37:21,695] {taskinstance.py:876} INFO - Dependencies all met for <TaskInstance: parallel_dag.task_4 2021-06-26T08:31:46.322833+00:00 [queued]>
[2021-06-26 13:37:21,699] {taskinstance.py:876} INFO - Dependencies all met for <TaskInstance: parallel_dag.task_4 2021-06-26T08:31:46.322833+00:00 [queued]>
[2021-06-26 13:37:21,700] {taskinstance.py:1067} INFO - 
--------------------------------------------------------------------------------
[2021-06-26 13:37:21,700] {taskinstance.py:1068} INFO - Starting attempt 1 of 1
[2021-06-26 13:37:21,700] {taskinstance.py:1069} INFO - 
--------------------------------------------------------------------------------
[2021-06-26 13:37:21,708] {taskinstance.py:1087} INFO - Executing <Task(BashOperator): task_4> on 2021-06-26T08:31:46.322833+00:00
[2021-06-26 13:37:21,710] {standard_task_runner.py:52} INFO - Started process 52559 to run task
[2021-06-26 13:37:21,713] {standard_task_runner.py:76} INFO - Running: ['airflow', 'tasks', 'run', 'parallel_dag', 'task_4', '2021-06-26T08:31:46.322833+00:00', '--job-id', '16', '--pool', 'default_pool', '--raw', '--subdir', 'DAGS_FOLDER/parallel_dag.py', '--cfg-path', '/var/folders/9t/2jnn4bv95w9552ldckktgq900000gn/T/tmp8z44cx5e', '--error-file', '/var/folders/9t/2jnn4bv95w9552ldckktgq900000gn/T/tmpa69u9pki']
[2021-06-26 13:37:21,713] {standard_task_runner.py:77} INFO - Job 16: Subtask task_4
[2021-06-26 13:37:21,740] {logging_mixin.py:104} INFO - Running <TaskInstance: parallel_dag.task_4 2021-06-26T08:31:46.322833+00:00 [running]> on host Saidamirs-MacBook-Pro.local
[2021-06-26 13:37:21,775] {taskinstance.py:1280} INFO - Exporting the following env vars:
AIRFLOW_CTX_DAG_OWNER=airflow
AIRFLOW_CTX_DAG_ID=parallel_dag
AIRFLOW_CTX_TASK_ID=task_4
AIRFLOW_CTX_EXECUTION_DATE=2021-06-26T08:31:46.322833+00:00
AIRFLOW_CTX_DAG_RUN_ID=manual__2021-06-26T08:31:46.322833+00:00
[2021-06-26 13:37:21,775] {subprocess.py:52} INFO - Tmp dir root location: 
 /var/folders/9t/2jnn4bv95w9552ldckktgq900000gn/T
[2021-06-26 13:37:21,776] {subprocess.py:63} INFO - Running command: ['bash', '-c', 'sleep 3']
[2021-06-26 13:37:21,779] {subprocess.py:75} INFO - Output:
[2021-06-26 13:37:24,786] {subprocess.py:83} INFO - Command exited with return code 0
[2021-06-26 13:37:24,806] {taskinstance.py:1184} INFO - Marking task as SUCCESS. dag_id=parallel_dag, task_id=task_4, execution_date=20210626T083146, start_date=20210626T083721, end_date=20210626T083724
[2021-06-26 13:37:24,820] {taskinstance.py:1245} INFO - 0 downstream tasks scheduled from follow-on schedule check
[2021-06-26 13:37:24,842] {local_task_job.py:151} INFO - Task exited with return code 0
