[2021-06-26 13:37:17,706] {taskinstance.py:876} INFO - Dependencies all met for <TaskInstance: parallel_dag.task_3 2021-06-26T08:31:46.322833+00:00 [queued]>
[2021-06-26 13:37:17,710] {taskinstance.py:876} INFO - Dependencies all met for <TaskInstance: parallel_dag.task_3 2021-06-26T08:31:46.322833+00:00 [queued]>
[2021-06-26 13:37:17,711] {taskinstance.py:1067} INFO - 
--------------------------------------------------------------------------------
[2021-06-26 13:37:17,711] {taskinstance.py:1068} INFO - Starting attempt 1 of 1
[2021-06-26 13:37:17,711] {taskinstance.py:1069} INFO - 
--------------------------------------------------------------------------------
[2021-06-26 13:37:17,720] {taskinstance.py:1087} INFO - Executing <Task(BashOperator): task_3> on 2021-06-26T08:31:46.322833+00:00
[2021-06-26 13:37:17,721] {standard_task_runner.py:52} INFO - Started process 52476 to run task
[2021-06-26 13:37:17,724] {standard_task_runner.py:76} INFO - Running: ['airflow', 'tasks', 'run', 'parallel_dag', 'task_3', '2021-06-26T08:31:46.322833+00:00', '--job-id', '15', '--pool', 'default_pool', '--raw', '--subdir', 'DAGS_FOLDER/parallel_dag.py', '--cfg-path', '/var/folders/9t/2jnn4bv95w9552ldckktgq900000gn/T/tmpm84lgn65', '--error-file', '/var/folders/9t/2jnn4bv95w9552ldckktgq900000gn/T/tmpwu6prfqv']
[2021-06-26 13:37:17,725] {standard_task_runner.py:77} INFO - Job 15: Subtask task_3
[2021-06-26 13:37:17,774] {logging_mixin.py:104} INFO - Running <TaskInstance: parallel_dag.task_3 2021-06-26T08:31:46.322833+00:00 [running]> on host Saidamirs-MacBook-Pro.local
[2021-06-26 13:37:17,834] {taskinstance.py:1280} INFO - Exporting the following env vars:
AIRFLOW_CTX_DAG_OWNER=airflow
AIRFLOW_CTX_DAG_ID=parallel_dag
AIRFLOW_CTX_TASK_ID=task_3
AIRFLOW_CTX_EXECUTION_DATE=2021-06-26T08:31:46.322833+00:00
AIRFLOW_CTX_DAG_RUN_ID=manual__2021-06-26T08:31:46.322833+00:00
[2021-06-26 13:37:17,834] {subprocess.py:52} INFO - Tmp dir root location: 
 /var/folders/9t/2jnn4bv95w9552ldckktgq900000gn/T
[2021-06-26 13:37:17,835] {subprocess.py:63} INFO - Running command: ['bash', '-c', 'sleep 3']
[2021-06-26 13:37:17,849] {subprocess.py:75} INFO - Output:
[2021-06-26 13:37:20,857] {subprocess.py:83} INFO - Command exited with return code 0
[2021-06-26 13:37:20,878] {taskinstance.py:1184} INFO - Marking task as SUCCESS. dag_id=parallel_dag, task_id=task_3, execution_date=20210626T083146, start_date=20210626T083717, end_date=20210626T083720
[2021-06-26 13:37:20,899] {taskinstance.py:1245} INFO - 0 downstream tasks scheduled from follow-on schedule check
[2021-06-26 13:37:20,941] {local_task_job.py:151} INFO - Task exited with return code 0
