[2021-06-25 17:36:09,727] {scheduler_job.py:182} INFO - Started process (PID=37375) to work on /Users/saidamirmarufkhujaev/airflow/dags/parallel_dag.py
[2021-06-25 17:36:09,727] {scheduler_job.py:633} INFO - Processing file /Users/saidamirmarufkhujaev/airflow/dags/parallel_dag.py for tasks to queue
[2021-06-25 17:36:09,727] {logging_mixin.py:104} INFO - [2021-06-25 17:36:09,727] {dagbag.py:487} INFO - Filling up the DagBag from /Users/saidamirmarufkhujaev/airflow/dags/parallel_dag.py
[2021-06-25 17:36:09,729] {logging_mixin.py:104} INFO - [2021-06-25 17:36:09,728] {dagbag.py:320} ERROR - Failed to import: /Users/saidamirmarufkhujaev/airflow/dags/parallel_dag.py
Traceback (most recent call last):
  File "/Users/saidamirmarufkhujaev/venv/lib/python3.9/site-packages/airflow/models/dagbag.py", line 317, in _load_modules_from_file
    loader.exec_module(new_module)
  File "<frozen importlib._bootstrap_external>", line 855, in exec_module
  File "<frozen importlib._bootstrap>", line 228, in _call_with_frames_removed
  File "/Users/saidamirmarufkhujaev/airflow/dags/parallel_dag.py", line 9, in <module>
    with DAG('parallel_dag', schedule_intervals = '@daily', default_args = default_args, catchup = False) as dag:
TypeError: __init__() got an unexpected keyword argument 'schedule_intervals'
[2021-06-25 17:36:09,729] {scheduler_job.py:645} WARNING - No viable dags retrieved from /Users/saidamirmarufkhujaev/airflow/dags/parallel_dag.py
[2021-06-25 17:36:09,738] {scheduler_job.py:190} INFO - Processing /Users/saidamirmarufkhujaev/airflow/dags/parallel_dag.py took 0.012 seconds
[2021-06-25 17:36:51,426] {scheduler_job.py:182} INFO - Started process (PID=37406) to work on /Users/saidamirmarufkhujaev/airflow/dags/parallel_dag.py
[2021-06-25 17:36:51,426] {scheduler_job.py:633} INFO - Processing file /Users/saidamirmarufkhujaev/airflow/dags/parallel_dag.py for tasks to queue
[2021-06-25 17:36:51,426] {logging_mixin.py:104} INFO - [2021-06-25 17:36:51,426] {dagbag.py:487} INFO - Filling up the DagBag from /Users/saidamirmarufkhujaev/airflow/dags/parallel_dag.py
[2021-06-25 17:36:51,427] {logging_mixin.py:104} INFO - [2021-06-25 17:36:51,427] {dagbag.py:320} ERROR - Failed to import: /Users/saidamirmarufkhujaev/airflow/dags/parallel_dag.py
Traceback (most recent call last):
  File "/Users/saidamirmarufkhujaev/venv/lib/python3.9/site-packages/airflow/models/dagbag.py", line 317, in _load_modules_from_file
    loader.exec_module(new_module)
  File "<frozen importlib._bootstrap_external>", line 855, in exec_module
  File "<frozen importlib._bootstrap>", line 228, in _call_with_frames_removed
  File "/Users/saidamirmarufkhujaev/airflow/dags/parallel_dag.py", line 9, in <module>
    with DAG('parallel_dag', schedule_intervals = '@daily', default_args = default_args, catchup = False) as dag:
TypeError: __init__() got an unexpected keyword argument 'schedule_intervals'
[2021-06-25 17:36:51,427] {scheduler_job.py:645} WARNING - No viable dags retrieved from /Users/saidamirmarufkhujaev/airflow/dags/parallel_dag.py
[2021-06-25 17:36:51,437] {scheduler_job.py:190} INFO - Processing /Users/saidamirmarufkhujaev/airflow/dags/parallel_dag.py took 0.012 seconds
[2021-06-25 17:37:36,382] {scheduler_job.py:182} INFO - Started process (PID=37444) to work on /Users/saidamirmarufkhujaev/airflow/dags/parallel_dag.py
[2021-06-25 17:37:36,382] {scheduler_job.py:633} INFO - Processing file /Users/saidamirmarufkhujaev/airflow/dags/parallel_dag.py for tasks to queue
[2021-06-25 17:37:36,382] {logging_mixin.py:104} INFO - [2021-06-25 17:37:36,382] {dagbag.py:487} INFO - Filling up the DagBag from /Users/saidamirmarufkhujaev/airflow/dags/parallel_dag.py
[2021-06-25 17:37:36,385] {scheduler_job.py:643} INFO - DAG(s) dict_keys(['parallel_dag']) retrieved from /Users/saidamirmarufkhujaev/airflow/dags/parallel_dag.py
[2021-06-25 17:37:36,682] {logging_mixin.py:104} INFO - [2021-06-25 17:37:36,682] {dag.py:1832} INFO - Sync 1 DAGs
[2021-06-25 17:37:36,685] {logging_mixin.py:104} INFO - [2021-06-25 17:37:36,685] {dag.py:1851} INFO - Creating ORM DAG for parallel_dag
[2021-06-25 17:37:36,692] {logging_mixin.py:104} INFO - [2021-06-25 17:37:36,692] {dag.py:2305} INFO - Setting next_dagrun for parallel_dag to 2021-06-24 00:00:00+00:00
[2021-06-25 17:37:36,713] {scheduler_job.py:190} INFO - Processing /Users/saidamirmarufkhujaev/airflow/dags/parallel_dag.py took 0.331 seconds
[2021-06-25 17:38:21,786] {scheduler_job.py:182} INFO - Started process (PID=37479) to work on /Users/saidamirmarufkhujaev/airflow/dags/parallel_dag.py
[2021-06-25 17:38:21,786] {scheduler_job.py:633} INFO - Processing file /Users/saidamirmarufkhujaev/airflow/dags/parallel_dag.py for tasks to queue
[2021-06-25 17:38:21,786] {logging_mixin.py:104} INFO - [2021-06-25 17:38:21,786] {dagbag.py:487} INFO - Filling up the DagBag from /Users/saidamirmarufkhujaev/airflow/dags/parallel_dag.py
[2021-06-25 17:38:21,789] {scheduler_job.py:643} INFO - DAG(s) dict_keys(['parallel_dag']) retrieved from /Users/saidamirmarufkhujaev/airflow/dags/parallel_dag.py
[2021-06-25 17:38:21,799] {logging_mixin.py:104} INFO - [2021-06-25 17:38:21,799] {dag.py:1832} INFO - Sync 1 DAGs
[2021-06-25 17:38:21,803] {logging_mixin.py:104} INFO - [2021-06-25 17:38:21,803] {dag.py:2305} INFO - Setting next_dagrun for parallel_dag to 2021-06-24 00:00:00+00:00
[2021-06-25 17:38:21,805] {scheduler_job.py:190} INFO - Processing /Users/saidamirmarufkhujaev/airflow/dags/parallel_dag.py took 0.019 seconds
[2021-06-25 17:39:06,981] {scheduler_job.py:182} INFO - Started process (PID=37514) to work on /Users/saidamirmarufkhujaev/airflow/dags/parallel_dag.py
[2021-06-25 17:39:06,981] {scheduler_job.py:633} INFO - Processing file /Users/saidamirmarufkhujaev/airflow/dags/parallel_dag.py for tasks to queue
[2021-06-25 17:39:06,981] {logging_mixin.py:104} INFO - [2021-06-25 17:39:06,981] {dagbag.py:487} INFO - Filling up the DagBag from /Users/saidamirmarufkhujaev/airflow/dags/parallel_dag.py
[2021-06-25 17:39:06,984] {scheduler_job.py:643} INFO - DAG(s) dict_keys(['parallel_dag']) retrieved from /Users/saidamirmarufkhujaev/airflow/dags/parallel_dag.py
[2021-06-25 17:39:06,994] {logging_mixin.py:104} INFO - [2021-06-25 17:39:06,994] {dag.py:1832} INFO - Sync 1 DAGs
[2021-06-25 17:39:06,997] {logging_mixin.py:104} INFO - [2021-06-25 17:39:06,997] {dag.py:2305} INFO - Setting next_dagrun for parallel_dag to 2021-06-24 00:00:00+00:00
[2021-06-25 17:39:07,000] {scheduler_job.py:190} INFO - Processing /Users/saidamirmarufkhujaev/airflow/dags/parallel_dag.py took 0.019 seconds
[2021-06-25 17:39:47,797] {scheduler_job.py:182} INFO - Started process (PID=37545) to work on /Users/saidamirmarufkhujaev/airflow/dags/parallel_dag.py
[2021-06-25 17:39:47,797] {scheduler_job.py:633} INFO - Processing file /Users/saidamirmarufkhujaev/airflow/dags/parallel_dag.py for tasks to queue
[2021-06-25 17:39:47,797] {logging_mixin.py:104} INFO - [2021-06-25 17:39:47,797] {dagbag.py:487} INFO - Filling up the DagBag from /Users/saidamirmarufkhujaev/airflow/dags/parallel_dag.py
[2021-06-25 17:39:47,800] {scheduler_job.py:643} INFO - DAG(s) dict_keys(['parallel_dag']) retrieved from /Users/saidamirmarufkhujaev/airflow/dags/parallel_dag.py
[2021-06-25 17:39:47,810] {logging_mixin.py:104} INFO - [2021-06-25 17:39:47,810] {dag.py:1832} INFO - Sync 1 DAGs
[2021-06-25 17:39:47,813] {logging_mixin.py:104} INFO - [2021-06-25 17:39:47,813] {dag.py:2305} INFO - Setting next_dagrun for parallel_dag to 2021-06-24 00:00:00+00:00
[2021-06-25 17:39:47,816] {scheduler_job.py:190} INFO - Processing /Users/saidamirmarufkhujaev/airflow/dags/parallel_dag.py took 0.019 seconds
[2021-06-25 17:40:33,228] {scheduler_job.py:182} INFO - Started process (PID=37585) to work on /Users/saidamirmarufkhujaev/airflow/dags/parallel_dag.py
[2021-06-25 17:40:33,228] {scheduler_job.py:633} INFO - Processing file /Users/saidamirmarufkhujaev/airflow/dags/parallel_dag.py for tasks to queue
[2021-06-25 17:40:33,228] {logging_mixin.py:104} INFO - [2021-06-25 17:40:33,228] {dagbag.py:487} INFO - Filling up the DagBag from /Users/saidamirmarufkhujaev/airflow/dags/parallel_dag.py
[2021-06-25 17:40:33,230] {scheduler_job.py:643} INFO - DAG(s) dict_keys(['parallel_dag']) retrieved from /Users/saidamirmarufkhujaev/airflow/dags/parallel_dag.py
[2021-06-25 17:40:33,240] {logging_mixin.py:104} INFO - [2021-06-25 17:40:33,240] {dag.py:1832} INFO - Sync 1 DAGs
[2021-06-25 17:40:33,244] {logging_mixin.py:104} INFO - [2021-06-25 17:40:33,244] {dag.py:2305} INFO - Setting next_dagrun for parallel_dag to 2021-06-24 00:00:00+00:00
[2021-06-25 17:40:33,246] {scheduler_job.py:190} INFO - Processing /Users/saidamirmarufkhujaev/airflow/dags/parallel_dag.py took 0.019 seconds
[2021-06-25 17:41:16,508] {scheduler_job.py:182} INFO - Started process (PID=37618) to work on /Users/saidamirmarufkhujaev/airflow/dags/parallel_dag.py
[2021-06-25 17:41:16,508] {scheduler_job.py:633} INFO - Processing file /Users/saidamirmarufkhujaev/airflow/dags/parallel_dag.py for tasks to queue
[2021-06-25 17:41:16,509] {logging_mixin.py:104} INFO - [2021-06-25 17:41:16,508] {dagbag.py:487} INFO - Filling up the DagBag from /Users/saidamirmarufkhujaev/airflow/dags/parallel_dag.py
[2021-06-25 17:41:16,511] {scheduler_job.py:643} INFO - DAG(s) dict_keys(['parallel_dag']) retrieved from /Users/saidamirmarufkhujaev/airflow/dags/parallel_dag.py
[2021-06-25 17:41:16,521] {logging_mixin.py:104} INFO - [2021-06-25 17:41:16,521] {dag.py:1832} INFO - Sync 1 DAGs
[2021-06-25 17:41:16,524] {logging_mixin.py:104} INFO - [2021-06-25 17:41:16,524] {dag.py:2305} INFO - Setting next_dagrun for parallel_dag to 2021-06-24 00:00:00+00:00
[2021-06-25 17:41:16,527] {scheduler_job.py:190} INFO - Processing /Users/saidamirmarufkhujaev/airflow/dags/parallel_dag.py took 0.019 seconds
[2021-06-25 17:41:57,749] {scheduler_job.py:182} INFO - Started process (PID=37650) to work on /Users/saidamirmarufkhujaev/airflow/dags/parallel_dag.py
[2021-06-25 17:41:57,749] {scheduler_job.py:633} INFO - Processing file /Users/saidamirmarufkhujaev/airflow/dags/parallel_dag.py for tasks to queue
[2021-06-25 17:41:57,749] {logging_mixin.py:104} INFO - [2021-06-25 17:41:57,749] {dagbag.py:487} INFO - Filling up the DagBag from /Users/saidamirmarufkhujaev/airflow/dags/parallel_dag.py
[2021-06-25 17:41:57,752] {scheduler_job.py:643} INFO - DAG(s) dict_keys(['parallel_dag']) retrieved from /Users/saidamirmarufkhujaev/airflow/dags/parallel_dag.py
[2021-06-25 17:41:57,762] {logging_mixin.py:104} INFO - [2021-06-25 17:41:57,762] {dag.py:1832} INFO - Sync 1 DAGs
[2021-06-25 17:41:57,765] {logging_mixin.py:104} INFO - [2021-06-25 17:41:57,765] {dag.py:2305} INFO - Setting next_dagrun for parallel_dag to 2021-06-24 00:00:00+00:00
[2021-06-25 17:41:57,768] {scheduler_job.py:190} INFO - Processing /Users/saidamirmarufkhujaev/airflow/dags/parallel_dag.py took 0.019 seconds
[2021-06-25 17:42:51,653] {scheduler_job.py:182} INFO - Started process (PID=37707) to work on /Users/saidamirmarufkhujaev/airflow/dags/parallel_dag.py
[2021-06-25 17:42:51,653] {scheduler_job.py:633} INFO - Processing file /Users/saidamirmarufkhujaev/airflow/dags/parallel_dag.py for tasks to queue
[2021-06-25 17:42:51,653] {logging_mixin.py:104} INFO - [2021-06-25 17:42:51,653] {dagbag.py:487} INFO - Filling up the DagBag from /Users/saidamirmarufkhujaev/airflow/dags/parallel_dag.py
[2021-06-25 17:42:51,655] {scheduler_job.py:643} INFO - DAG(s) dict_keys(['parallel_dag']) retrieved from /Users/saidamirmarufkhujaev/airflow/dags/parallel_dag.py
[2021-06-25 17:42:51,666] {logging_mixin.py:104} INFO - [2021-06-25 17:42:51,666] {dag.py:1832} INFO - Sync 1 DAGs
[2021-06-25 17:42:51,669] {logging_mixin.py:104} INFO - [2021-06-25 17:42:51,669] {dag.py:2305} INFO - Setting next_dagrun for parallel_dag to 2021-06-25 00:00:00+00:00
[2021-06-25 17:42:51,671] {scheduler_job.py:190} INFO - Processing /Users/saidamirmarufkhujaev/airflow/dags/parallel_dag.py took 0.019 seconds
[2021-06-25 17:43:34,291] {scheduler_job.py:182} INFO - Started process (PID=37738) to work on /Users/saidamirmarufkhujaev/airflow/dags/parallel_dag.py
[2021-06-25 17:43:34,292] {scheduler_job.py:633} INFO - Processing file /Users/saidamirmarufkhujaev/airflow/dags/parallel_dag.py for tasks to queue
[2021-06-25 17:43:34,292] {logging_mixin.py:104} INFO - [2021-06-25 17:43:34,292] {dagbag.py:487} INFO - Filling up the DagBag from /Users/saidamirmarufkhujaev/airflow/dags/parallel_dag.py
[2021-06-25 17:43:34,294] {scheduler_job.py:643} INFO - DAG(s) dict_keys(['parallel_dag']) retrieved from /Users/saidamirmarufkhujaev/airflow/dags/parallel_dag.py
[2021-06-25 17:43:34,304] {logging_mixin.py:104} INFO - [2021-06-25 17:43:34,304] {dag.py:1832} INFO - Sync 1 DAGs
[2021-06-25 17:43:34,307] {logging_mixin.py:104} INFO - [2021-06-25 17:43:34,307] {dag.py:2305} INFO - Setting next_dagrun for parallel_dag to 2021-06-25 00:00:00+00:00
[2021-06-25 17:43:34,310] {scheduler_job.py:190} INFO - Processing /Users/saidamirmarufkhujaev/airflow/dags/parallel_dag.py took 0.019 seconds
[2021-06-25 17:44:18,058] {scheduler_job.py:182} INFO - Started process (PID=37774) to work on /Users/saidamirmarufkhujaev/airflow/dags/parallel_dag.py
[2021-06-25 17:44:18,059] {scheduler_job.py:633} INFO - Processing file /Users/saidamirmarufkhujaev/airflow/dags/parallel_dag.py for tasks to queue
[2021-06-25 17:44:18,059] {logging_mixin.py:104} INFO - [2021-06-25 17:44:18,059] {dagbag.py:487} INFO - Filling up the DagBag from /Users/saidamirmarufkhujaev/airflow/dags/parallel_dag.py
[2021-06-25 17:44:18,061] {scheduler_job.py:643} INFO - DAG(s) dict_keys(['parallel_dag']) retrieved from /Users/saidamirmarufkhujaev/airflow/dags/parallel_dag.py
[2021-06-25 17:44:18,071] {logging_mixin.py:104} INFO - [2021-06-25 17:44:18,071] {dag.py:1832} INFO - Sync 1 DAGs
[2021-06-25 17:44:18,074] {logging_mixin.py:104} INFO - [2021-06-25 17:44:18,074] {dag.py:2305} INFO - Setting next_dagrun for parallel_dag to 2021-06-25 00:00:00+00:00
[2021-06-25 17:44:18,077] {scheduler_job.py:190} INFO - Processing /Users/saidamirmarufkhujaev/airflow/dags/parallel_dag.py took 0.019 seconds
[2021-06-25 17:44:58,632] {scheduler_job.py:182} INFO - Started process (PID=37805) to work on /Users/saidamirmarufkhujaev/airflow/dags/parallel_dag.py
[2021-06-25 17:44:58,632] {scheduler_job.py:633} INFO - Processing file /Users/saidamirmarufkhujaev/airflow/dags/parallel_dag.py for tasks to queue
[2021-06-25 17:44:58,632] {logging_mixin.py:104} INFO - [2021-06-25 17:44:58,632] {dagbag.py:487} INFO - Filling up the DagBag from /Users/saidamirmarufkhujaev/airflow/dags/parallel_dag.py
[2021-06-25 17:44:58,635] {scheduler_job.py:643} INFO - DAG(s) dict_keys(['parallel_dag']) retrieved from /Users/saidamirmarufkhujaev/airflow/dags/parallel_dag.py
[2021-06-25 17:44:58,645] {logging_mixin.py:104} INFO - [2021-06-25 17:44:58,645] {dag.py:1832} INFO - Sync 1 DAGs
[2021-06-25 17:44:58,648] {logging_mixin.py:104} INFO - [2021-06-25 17:44:58,648] {dag.py:2305} INFO - Setting next_dagrun for parallel_dag to 2021-06-25 00:00:00+00:00
[2021-06-25 17:44:58,651] {scheduler_job.py:190} INFO - Processing /Users/saidamirmarufkhujaev/airflow/dags/parallel_dag.py took 0.019 seconds
[2021-06-25 17:45:35,446] {scheduler_job.py:182} INFO - Started process (PID=37835) to work on /Users/saidamirmarufkhujaev/airflow/dags/parallel_dag.py
[2021-06-25 17:45:35,446] {scheduler_job.py:633} INFO - Processing file /Users/saidamirmarufkhujaev/airflow/dags/parallel_dag.py for tasks to queue
[2021-06-25 17:45:35,446] {logging_mixin.py:104} INFO - [2021-06-25 17:45:35,446] {dagbag.py:487} INFO - Filling up the DagBag from /Users/saidamirmarufkhujaev/airflow/dags/parallel_dag.py
[2021-06-25 17:45:35,448] {scheduler_job.py:643} INFO - DAG(s) dict_keys(['parallel_dag']) retrieved from /Users/saidamirmarufkhujaev/airflow/dags/parallel_dag.py
[2021-06-25 17:45:35,458] {logging_mixin.py:104} INFO - [2021-06-25 17:45:35,458] {dag.py:1832} INFO - Sync 1 DAGs
[2021-06-25 17:45:35,461] {logging_mixin.py:104} INFO - [2021-06-25 17:45:35,461] {dag.py:2305} INFO - Setting next_dagrun for parallel_dag to 2021-06-25 00:00:00+00:00
[2021-06-25 17:45:35,464] {scheduler_job.py:190} INFO - Processing /Users/saidamirmarufkhujaev/airflow/dags/parallel_dag.py took 0.018 seconds
[2021-06-25 17:46:17,784] {scheduler_job.py:182} INFO - Started process (PID=37870) to work on /Users/saidamirmarufkhujaev/airflow/dags/parallel_dag.py
[2021-06-25 17:46:17,784] {scheduler_job.py:633} INFO - Processing file /Users/saidamirmarufkhujaev/airflow/dags/parallel_dag.py for tasks to queue
[2021-06-25 17:46:17,785] {logging_mixin.py:104} INFO - [2021-06-25 17:46:17,785] {dagbag.py:487} INFO - Filling up the DagBag from /Users/saidamirmarufkhujaev/airflow/dags/parallel_dag.py
[2021-06-25 17:46:17,787] {scheduler_job.py:643} INFO - DAG(s) dict_keys(['parallel_dag']) retrieved from /Users/saidamirmarufkhujaev/airflow/dags/parallel_dag.py
[2021-06-25 17:46:17,797] {logging_mixin.py:104} INFO - [2021-06-25 17:46:17,797] {dag.py:1832} INFO - Sync 1 DAGs
[2021-06-25 17:46:17,800] {logging_mixin.py:104} INFO - [2021-06-25 17:46:17,800] {dag.py:2305} INFO - Setting next_dagrun for parallel_dag to 2021-06-25 00:00:00+00:00
[2021-06-25 17:46:17,802] {scheduler_job.py:190} INFO - Processing /Users/saidamirmarufkhujaev/airflow/dags/parallel_dag.py took 0.018 seconds
[2021-06-25 17:47:01,511] {scheduler_job.py:182} INFO - Started process (PID=37903) to work on /Users/saidamirmarufkhujaev/airflow/dags/parallel_dag.py
[2021-06-25 17:47:01,511] {scheduler_job.py:633} INFO - Processing file /Users/saidamirmarufkhujaev/airflow/dags/parallel_dag.py for tasks to queue
[2021-06-25 17:47:01,511] {logging_mixin.py:104} INFO - [2021-06-25 17:47:01,511] {dagbag.py:487} INFO - Filling up the DagBag from /Users/saidamirmarufkhujaev/airflow/dags/parallel_dag.py
[2021-06-25 17:47:01,513] {scheduler_job.py:643} INFO - DAG(s) dict_keys(['parallel_dag']) retrieved from /Users/saidamirmarufkhujaev/airflow/dags/parallel_dag.py
[2021-06-25 17:47:01,523] {logging_mixin.py:104} INFO - [2021-06-25 17:47:01,523] {dag.py:1832} INFO - Sync 1 DAGs
[2021-06-25 17:47:01,527] {logging_mixin.py:104} INFO - [2021-06-25 17:47:01,527] {dag.py:2305} INFO - Setting next_dagrun for parallel_dag to 2021-06-25 00:00:00+00:00
[2021-06-25 17:47:01,529] {scheduler_job.py:190} INFO - Processing /Users/saidamirmarufkhujaev/airflow/dags/parallel_dag.py took 0.019 seconds
[2021-06-25 17:47:42,167] {scheduler_job.py:182} INFO - Started process (PID=37938) to work on /Users/saidamirmarufkhujaev/airflow/dags/parallel_dag.py
[2021-06-25 17:47:42,168] {scheduler_job.py:633} INFO - Processing file /Users/saidamirmarufkhujaev/airflow/dags/parallel_dag.py for tasks to queue
[2021-06-25 17:47:42,168] {logging_mixin.py:104} INFO - [2021-06-25 17:47:42,168] {dagbag.py:487} INFO - Filling up the DagBag from /Users/saidamirmarufkhujaev/airflow/dags/parallel_dag.py
[2021-06-25 17:47:42,170] {scheduler_job.py:643} INFO - DAG(s) dict_keys(['parallel_dag']) retrieved from /Users/saidamirmarufkhujaev/airflow/dags/parallel_dag.py
[2021-06-25 17:47:42,180] {logging_mixin.py:104} INFO - [2021-06-25 17:47:42,180] {dag.py:1832} INFO - Sync 1 DAGs
[2021-06-25 17:47:42,183] {logging_mixin.py:104} INFO - [2021-06-25 17:47:42,183] {dag.py:2305} INFO - Setting next_dagrun for parallel_dag to 2021-06-25 00:00:00+00:00
[2021-06-25 17:47:42,186] {scheduler_job.py:190} INFO - Processing /Users/saidamirmarufkhujaev/airflow/dags/parallel_dag.py took 0.019 seconds
[2021-06-25 17:48:13,989] {scheduler_job.py:182} INFO - Started process (PID=37970) to work on /Users/saidamirmarufkhujaev/airflow/dags/parallel_dag.py
[2021-06-25 17:48:13,989] {scheduler_job.py:633} INFO - Processing file /Users/saidamirmarufkhujaev/airflow/dags/parallel_dag.py for tasks to queue
[2021-06-25 17:48:13,990] {logging_mixin.py:104} INFO - [2021-06-25 17:48:13,990] {dagbag.py:487} INFO - Filling up the DagBag from /Users/saidamirmarufkhujaev/airflow/dags/parallel_dag.py
[2021-06-25 17:48:13,992] {scheduler_job.py:643} INFO - DAG(s) dict_keys(['parallel_dag']) retrieved from /Users/saidamirmarufkhujaev/airflow/dags/parallel_dag.py
[2021-06-25 17:48:14,002] {logging_mixin.py:104} INFO - [2021-06-25 17:48:14,002] {dag.py:1832} INFO - Sync 1 DAGs
[2021-06-25 17:48:14,005] {logging_mixin.py:104} INFO - [2021-06-25 17:48:14,005] {dag.py:2305} INFO - Setting next_dagrun for parallel_dag to 2021-06-25 00:00:00+00:00
[2021-06-25 17:48:14,008] {scheduler_job.py:190} INFO - Processing /Users/saidamirmarufkhujaev/airflow/dags/parallel_dag.py took 0.019 seconds
[2021-06-25 17:48:58,457] {scheduler_job.py:182} INFO - Started process (PID=38008) to work on /Users/saidamirmarufkhujaev/airflow/dags/parallel_dag.py
[2021-06-25 17:48:58,457] {scheduler_job.py:633} INFO - Processing file /Users/saidamirmarufkhujaev/airflow/dags/parallel_dag.py for tasks to queue
[2021-06-25 17:48:58,458] {logging_mixin.py:104} INFO - [2021-06-25 17:48:58,457] {dagbag.py:487} INFO - Filling up the DagBag from /Users/saidamirmarufkhujaev/airflow/dags/parallel_dag.py
[2021-06-25 17:48:58,460] {scheduler_job.py:643} INFO - DAG(s) dict_keys(['parallel_dag']) retrieved from /Users/saidamirmarufkhujaev/airflow/dags/parallel_dag.py
[2021-06-25 17:48:58,470] {logging_mixin.py:104} INFO - [2021-06-25 17:48:58,470] {dag.py:1832} INFO - Sync 1 DAGs
[2021-06-25 17:48:58,473] {logging_mixin.py:104} INFO - [2021-06-25 17:48:58,473] {dag.py:2305} INFO - Setting next_dagrun for parallel_dag to 2021-06-25 00:00:00+00:00
[2021-06-25 17:48:58,476] {scheduler_job.py:190} INFO - Processing /Users/saidamirmarufkhujaev/airflow/dags/parallel_dag.py took 0.019 seconds
[2021-06-25 17:49:43,072] {scheduler_job.py:182} INFO - Started process (PID=38054) to work on /Users/saidamirmarufkhujaev/airflow/dags/parallel_dag.py
[2021-06-25 17:49:43,072] {scheduler_job.py:633} INFO - Processing file /Users/saidamirmarufkhujaev/airflow/dags/parallel_dag.py for tasks to queue
[2021-06-25 17:49:43,072] {logging_mixin.py:104} INFO - [2021-06-25 17:49:43,072] {dagbag.py:487} INFO - Filling up the DagBag from /Users/saidamirmarufkhujaev/airflow/dags/parallel_dag.py
[2021-06-25 17:49:43,075] {scheduler_job.py:643} INFO - DAG(s) dict_keys(['parallel_dag']) retrieved from /Users/saidamirmarufkhujaev/airflow/dags/parallel_dag.py
[2021-06-25 17:49:43,085] {logging_mixin.py:104} INFO - [2021-06-25 17:49:43,085] {dag.py:1832} INFO - Sync 1 DAGs
[2021-06-25 17:49:43,088] {logging_mixin.py:104} INFO - [2021-06-25 17:49:43,088] {dag.py:2305} INFO - Setting next_dagrun for parallel_dag to 2021-06-25 00:00:00+00:00
[2021-06-25 17:49:43,091] {scheduler_job.py:190} INFO - Processing /Users/saidamirmarufkhujaev/airflow/dags/parallel_dag.py took 0.019 seconds
[2021-06-25 17:50:26,840] {scheduler_job.py:182} INFO - Started process (PID=38092) to work on /Users/saidamirmarufkhujaev/airflow/dags/parallel_dag.py
[2021-06-25 17:50:26,840] {scheduler_job.py:633} INFO - Processing file /Users/saidamirmarufkhujaev/airflow/dags/parallel_dag.py for tasks to queue
[2021-06-25 17:50:26,841] {logging_mixin.py:104} INFO - [2021-06-25 17:50:26,841] {dagbag.py:487} INFO - Filling up the DagBag from /Users/saidamirmarufkhujaev/airflow/dags/parallel_dag.py
[2021-06-25 17:50:26,843] {scheduler_job.py:643} INFO - DAG(s) dict_keys(['parallel_dag']) retrieved from /Users/saidamirmarufkhujaev/airflow/dags/parallel_dag.py
[2021-06-25 17:50:26,853] {logging_mixin.py:104} INFO - [2021-06-25 17:50:26,853] {dag.py:1832} INFO - Sync 1 DAGs
[2021-06-25 17:50:26,856] {logging_mixin.py:104} INFO - [2021-06-25 17:50:26,856] {dag.py:2305} INFO - Setting next_dagrun for parallel_dag to 2021-06-25 00:00:00+00:00
[2021-06-25 17:50:26,859] {scheduler_job.py:190} INFO - Processing /Users/saidamirmarufkhujaev/airflow/dags/parallel_dag.py took 0.019 seconds
[2021-06-25 17:51:08,944] {scheduler_job.py:182} INFO - Started process (PID=39091) to work on /Users/saidamirmarufkhujaev/airflow/dags/parallel_dag.py
[2021-06-25 17:51:08,944] {scheduler_job.py:633} INFO - Processing file /Users/saidamirmarufkhujaev/airflow/dags/parallel_dag.py for tasks to queue
[2021-06-25 17:51:08,944] {logging_mixin.py:104} INFO - [2021-06-25 17:51:08,944] {dagbag.py:487} INFO - Filling up the DagBag from /Users/saidamirmarufkhujaev/airflow/dags/parallel_dag.py
[2021-06-25 17:51:08,947] {scheduler_job.py:643} INFO - DAG(s) dict_keys(['parallel_dag']) retrieved from /Users/saidamirmarufkhujaev/airflow/dags/parallel_dag.py
[2021-06-25 17:51:08,957] {logging_mixin.py:104} INFO - [2021-06-25 17:51:08,957] {dag.py:1832} INFO - Sync 1 DAGs
[2021-06-25 17:51:08,960] {logging_mixin.py:104} INFO - [2021-06-25 17:51:08,960] {dag.py:2305} INFO - Setting next_dagrun for parallel_dag to 2021-06-25 00:00:00+00:00
[2021-06-25 17:51:08,962] {scheduler_job.py:190} INFO - Processing /Users/saidamirmarufkhujaev/airflow/dags/parallel_dag.py took 0.018 seconds
[2021-06-25 17:51:51,204] {scheduler_job.py:182} INFO - Started process (PID=39794) to work on /Users/saidamirmarufkhujaev/airflow/dags/parallel_dag.py
[2021-06-25 17:51:51,204] {scheduler_job.py:633} INFO - Processing file /Users/saidamirmarufkhujaev/airflow/dags/parallel_dag.py for tasks to queue
[2021-06-25 17:51:51,204] {logging_mixin.py:104} INFO - [2021-06-25 17:51:51,204] {dagbag.py:487} INFO - Filling up the DagBag from /Users/saidamirmarufkhujaev/airflow/dags/parallel_dag.py
[2021-06-25 17:51:51,207] {scheduler_job.py:643} INFO - DAG(s) dict_keys(['parallel_dag']) retrieved from /Users/saidamirmarufkhujaev/airflow/dags/parallel_dag.py
[2021-06-25 17:51:51,217] {logging_mixin.py:104} INFO - [2021-06-25 17:51:51,217] {dag.py:1832} INFO - Sync 1 DAGs
[2021-06-25 17:51:51,220] {logging_mixin.py:104} INFO - [2021-06-25 17:51:51,220] {dag.py:2305} INFO - Setting next_dagrun for parallel_dag to 2021-06-25 00:00:00+00:00
[2021-06-25 17:51:51,223] {scheduler_job.py:190} INFO - Processing /Users/saidamirmarufkhujaev/airflow/dags/parallel_dag.py took 0.019 seconds
[2021-06-25 17:52:34,416] {scheduler_job.py:182} INFO - Started process (PID=39827) to work on /Users/saidamirmarufkhujaev/airflow/dags/parallel_dag.py
[2021-06-25 17:52:34,416] {scheduler_job.py:633} INFO - Processing file /Users/saidamirmarufkhujaev/airflow/dags/parallel_dag.py for tasks to queue
[2021-06-25 17:52:34,416] {logging_mixin.py:104} INFO - [2021-06-25 17:52:34,416] {dagbag.py:487} INFO - Filling up the DagBag from /Users/saidamirmarufkhujaev/airflow/dags/parallel_dag.py
[2021-06-25 17:52:34,419] {scheduler_job.py:643} INFO - DAG(s) dict_keys(['parallel_dag']) retrieved from /Users/saidamirmarufkhujaev/airflow/dags/parallel_dag.py
[2021-06-25 17:52:34,429] {logging_mixin.py:104} INFO - [2021-06-25 17:52:34,429] {dag.py:1832} INFO - Sync 1 DAGs
[2021-06-25 17:52:34,432] {logging_mixin.py:104} INFO - [2021-06-25 17:52:34,432] {dag.py:2305} INFO - Setting next_dagrun for parallel_dag to 2021-06-25 00:00:00+00:00
[2021-06-25 17:52:34,435] {scheduler_job.py:190} INFO - Processing /Users/saidamirmarufkhujaev/airflow/dags/parallel_dag.py took 0.019 seconds
[2021-06-25 17:53:16,191] {scheduler_job.py:182} INFO - Started process (PID=39997) to work on /Users/saidamirmarufkhujaev/airflow/dags/parallel_dag.py
[2021-06-25 17:53:16,191] {scheduler_job.py:633} INFO - Processing file /Users/saidamirmarufkhujaev/airflow/dags/parallel_dag.py for tasks to queue
[2021-06-25 17:53:16,191] {logging_mixin.py:104} INFO - [2021-06-25 17:53:16,191] {dagbag.py:487} INFO - Filling up the DagBag from /Users/saidamirmarufkhujaev/airflow/dags/parallel_dag.py
[2021-06-25 17:53:16,194] {scheduler_job.py:643} INFO - DAG(s) dict_keys(['parallel_dag']) retrieved from /Users/saidamirmarufkhujaev/airflow/dags/parallel_dag.py
[2021-06-25 17:53:16,204] {logging_mixin.py:104} INFO - [2021-06-25 17:53:16,204] {dag.py:1832} INFO - Sync 1 DAGs
[2021-06-25 17:53:16,207] {logging_mixin.py:104} INFO - [2021-06-25 17:53:16,207] {dag.py:2305} INFO - Setting next_dagrun for parallel_dag to 2021-06-25 00:00:00+00:00
[2021-06-25 17:53:16,210] {scheduler_job.py:190} INFO - Processing /Users/saidamirmarufkhujaev/airflow/dags/parallel_dag.py took 0.019 seconds
[2021-06-25 17:53:54,389] {scheduler_job.py:182} INFO - Started process (PID=40030) to work on /Users/saidamirmarufkhujaev/airflow/dags/parallel_dag.py
[2021-06-25 17:53:54,390] {scheduler_job.py:633} INFO - Processing file /Users/saidamirmarufkhujaev/airflow/dags/parallel_dag.py for tasks to queue
[2021-06-25 17:53:54,390] {logging_mixin.py:104} INFO - [2021-06-25 17:53:54,390] {dagbag.py:487} INFO - Filling up the DagBag from /Users/saidamirmarufkhujaev/airflow/dags/parallel_dag.py
[2021-06-25 17:53:54,392] {scheduler_job.py:643} INFO - DAG(s) dict_keys(['parallel_dag']) retrieved from /Users/saidamirmarufkhujaev/airflow/dags/parallel_dag.py
[2021-06-25 17:53:54,402] {logging_mixin.py:104} INFO - [2021-06-25 17:53:54,402] {dag.py:1832} INFO - Sync 1 DAGs
[2021-06-25 17:53:54,405] {logging_mixin.py:104} INFO - [2021-06-25 17:53:54,405] {dag.py:2305} INFO - Setting next_dagrun for parallel_dag to 2021-06-25 00:00:00+00:00
[2021-06-25 17:53:54,408] {scheduler_job.py:190} INFO - Processing /Users/saidamirmarufkhujaev/airflow/dags/parallel_dag.py took 0.019 seconds
[2021-06-25 17:54:37,706] {scheduler_job.py:182} INFO - Started process (PID=40062) to work on /Users/saidamirmarufkhujaev/airflow/dags/parallel_dag.py
[2021-06-25 17:54:37,706] {scheduler_job.py:633} INFO - Processing file /Users/saidamirmarufkhujaev/airflow/dags/parallel_dag.py for tasks to queue
[2021-06-25 17:54:37,706] {logging_mixin.py:104} INFO - [2021-06-25 17:54:37,706] {dagbag.py:487} INFO - Filling up the DagBag from /Users/saidamirmarufkhujaev/airflow/dags/parallel_dag.py
[2021-06-25 17:54:37,708] {scheduler_job.py:643} INFO - DAG(s) dict_keys(['parallel_dag']) retrieved from /Users/saidamirmarufkhujaev/airflow/dags/parallel_dag.py
[2021-06-25 17:54:37,718] {logging_mixin.py:104} INFO - [2021-06-25 17:54:37,718] {dag.py:1832} INFO - Sync 1 DAGs
[2021-06-25 17:54:37,722] {logging_mixin.py:104} INFO - [2021-06-25 17:54:37,722] {dag.py:2305} INFO - Setting next_dagrun for parallel_dag to 2021-06-25 00:00:00+00:00
[2021-06-25 17:54:37,724] {scheduler_job.py:190} INFO - Processing /Users/saidamirmarufkhujaev/airflow/dags/parallel_dag.py took 0.019 seconds
[2021-06-25 17:55:08,219] {scheduler_job.py:182} INFO - Started process (PID=40091) to work on /Users/saidamirmarufkhujaev/airflow/dags/parallel_dag.py
[2021-06-25 17:55:08,219] {scheduler_job.py:633} INFO - Processing file /Users/saidamirmarufkhujaev/airflow/dags/parallel_dag.py for tasks to queue
[2021-06-25 17:55:08,219] {logging_mixin.py:104} INFO - [2021-06-25 17:55:08,219] {dagbag.py:487} INFO - Filling up the DagBag from /Users/saidamirmarufkhujaev/airflow/dags/parallel_dag.py
[2021-06-25 17:55:08,222] {scheduler_job.py:643} INFO - DAG(s) dict_keys(['parallel_dag']) retrieved from /Users/saidamirmarufkhujaev/airflow/dags/parallel_dag.py
[2021-06-25 17:55:08,232] {logging_mixin.py:104} INFO - [2021-06-25 17:55:08,232] {dag.py:1832} INFO - Sync 1 DAGs
[2021-06-25 17:55:08,235] {logging_mixin.py:104} INFO - [2021-06-25 17:55:08,235] {dag.py:2305} INFO - Setting next_dagrun for parallel_dag to 2021-06-25 00:00:00+00:00
[2021-06-25 17:55:08,238] {scheduler_job.py:190} INFO - Processing /Users/saidamirmarufkhujaev/airflow/dags/parallel_dag.py took 0.019 seconds
[2021-06-25 17:55:52,185] {scheduler_job.py:182} INFO - Started process (PID=40132) to work on /Users/saidamirmarufkhujaev/airflow/dags/parallel_dag.py
[2021-06-25 17:55:52,185] {scheduler_job.py:633} INFO - Processing file /Users/saidamirmarufkhujaev/airflow/dags/parallel_dag.py for tasks to queue
[2021-06-25 17:55:52,185] {logging_mixin.py:104} INFO - [2021-06-25 17:55:52,185] {dagbag.py:487} INFO - Filling up the DagBag from /Users/saidamirmarufkhujaev/airflow/dags/parallel_dag.py
[2021-06-25 17:55:52,188] {scheduler_job.py:643} INFO - DAG(s) dict_keys(['parallel_dag']) retrieved from /Users/saidamirmarufkhujaev/airflow/dags/parallel_dag.py
[2021-06-25 17:55:52,198] {logging_mixin.py:104} INFO - [2021-06-25 17:55:52,198] {dag.py:1832} INFO - Sync 1 DAGs
[2021-06-25 17:55:52,201] {logging_mixin.py:104} INFO - [2021-06-25 17:55:52,201] {dag.py:2305} INFO - Setting next_dagrun for parallel_dag to 2021-06-25 00:00:00+00:00
[2021-06-25 17:55:52,204] {scheduler_job.py:190} INFO - Processing /Users/saidamirmarufkhujaev/airflow/dags/parallel_dag.py took 0.019 seconds
[2021-06-25 17:56:37,184] {scheduler_job.py:182} INFO - Started process (PID=40709) to work on /Users/saidamirmarufkhujaev/airflow/dags/parallel_dag.py
[2021-06-25 17:56:37,184] {scheduler_job.py:633} INFO - Processing file /Users/saidamirmarufkhujaev/airflow/dags/parallel_dag.py for tasks to queue
[2021-06-25 17:56:37,184] {logging_mixin.py:104} INFO - [2021-06-25 17:56:37,184] {dagbag.py:487} INFO - Filling up the DagBag from /Users/saidamirmarufkhujaev/airflow/dags/parallel_dag.py
[2021-06-25 17:56:37,186] {scheduler_job.py:643} INFO - DAG(s) dict_keys(['parallel_dag']) retrieved from /Users/saidamirmarufkhujaev/airflow/dags/parallel_dag.py
[2021-06-25 17:56:37,196] {logging_mixin.py:104} INFO - [2021-06-25 17:56:37,196] {dag.py:1832} INFO - Sync 1 DAGs
[2021-06-25 17:56:37,200] {logging_mixin.py:104} INFO - [2021-06-25 17:56:37,199] {dag.py:2305} INFO - Setting next_dagrun for parallel_dag to 2021-06-25 00:00:00+00:00
[2021-06-25 17:56:37,202] {scheduler_job.py:190} INFO - Processing /Users/saidamirmarufkhujaev/airflow/dags/parallel_dag.py took 0.019 seconds
[2021-06-25 17:57:18,303] {scheduler_job.py:182} INFO - Started process (PID=41179) to work on /Users/saidamirmarufkhujaev/airflow/dags/parallel_dag.py
[2021-06-25 17:57:18,303] {scheduler_job.py:633} INFO - Processing file /Users/saidamirmarufkhujaev/airflow/dags/parallel_dag.py for tasks to queue
[2021-06-25 17:57:18,303] {logging_mixin.py:104} INFO - [2021-06-25 17:57:18,303] {dagbag.py:487} INFO - Filling up the DagBag from /Users/saidamirmarufkhujaev/airflow/dags/parallel_dag.py
[2021-06-25 17:57:18,305] {scheduler_job.py:643} INFO - DAG(s) dict_keys(['parallel_dag']) retrieved from /Users/saidamirmarufkhujaev/airflow/dags/parallel_dag.py
[2021-06-25 17:57:18,315] {logging_mixin.py:104} INFO - [2021-06-25 17:57:18,315] {dag.py:1832} INFO - Sync 1 DAGs
[2021-06-25 17:57:18,318] {logging_mixin.py:104} INFO - [2021-06-25 17:57:18,318] {dag.py:2305} INFO - Setting next_dagrun for parallel_dag to 2021-06-25 00:00:00+00:00
[2021-06-25 17:57:18,321] {scheduler_job.py:190} INFO - Processing /Users/saidamirmarufkhujaev/airflow/dags/parallel_dag.py took 0.019 seconds
[2021-06-25 17:58:01,960] {scheduler_job.py:182} INFO - Started process (PID=41214) to work on /Users/saidamirmarufkhujaev/airflow/dags/parallel_dag.py
[2021-06-25 17:58:01,961] {scheduler_job.py:633} INFO - Processing file /Users/saidamirmarufkhujaev/airflow/dags/parallel_dag.py for tasks to queue
[2021-06-25 17:58:01,961] {logging_mixin.py:104} INFO - [2021-06-25 17:58:01,961] {dagbag.py:487} INFO - Filling up the DagBag from /Users/saidamirmarufkhujaev/airflow/dags/parallel_dag.py
[2021-06-25 17:58:01,963] {scheduler_job.py:643} INFO - DAG(s) dict_keys(['parallel_dag']) retrieved from /Users/saidamirmarufkhujaev/airflow/dags/parallel_dag.py
[2021-06-25 17:58:01,973] {logging_mixin.py:104} INFO - [2021-06-25 17:58:01,973] {dag.py:1832} INFO - Sync 1 DAGs
[2021-06-25 17:58:01,976] {logging_mixin.py:104} INFO - [2021-06-25 17:58:01,976] {dag.py:2305} INFO - Setting next_dagrun for parallel_dag to 2021-06-25 00:00:00+00:00
[2021-06-25 17:58:01,979] {scheduler_job.py:190} INFO - Processing /Users/saidamirmarufkhujaev/airflow/dags/parallel_dag.py took 0.019 seconds
[2021-06-25 17:58:46,086] {scheduler_job.py:182} INFO - Started process (PID=41249) to work on /Users/saidamirmarufkhujaev/airflow/dags/parallel_dag.py
[2021-06-25 17:58:46,086] {scheduler_job.py:633} INFO - Processing file /Users/saidamirmarufkhujaev/airflow/dags/parallel_dag.py for tasks to queue
[2021-06-25 17:58:46,087] {logging_mixin.py:104} INFO - [2021-06-25 17:58:46,087] {dagbag.py:487} INFO - Filling up the DagBag from /Users/saidamirmarufkhujaev/airflow/dags/parallel_dag.py
[2021-06-25 17:58:46,089] {scheduler_job.py:643} INFO - DAG(s) dict_keys(['parallel_dag']) retrieved from /Users/saidamirmarufkhujaev/airflow/dags/parallel_dag.py
[2021-06-25 17:58:46,099] {logging_mixin.py:104} INFO - [2021-06-25 17:58:46,099] {dag.py:1832} INFO - Sync 1 DAGs
[2021-06-25 17:58:46,102] {logging_mixin.py:104} INFO - [2021-06-25 17:58:46,102] {dag.py:2305} INFO - Setting next_dagrun for parallel_dag to 2021-06-25 00:00:00+00:00
[2021-06-25 17:58:46,105] {scheduler_job.py:190} INFO - Processing /Users/saidamirmarufkhujaev/airflow/dags/parallel_dag.py took 0.019 seconds
[2021-06-25 17:59:30,421] {scheduler_job.py:182} INFO - Started process (PID=41285) to work on /Users/saidamirmarufkhujaev/airflow/dags/parallel_dag.py
[2021-06-25 17:59:30,421] {scheduler_job.py:633} INFO - Processing file /Users/saidamirmarufkhujaev/airflow/dags/parallel_dag.py for tasks to queue
[2021-06-25 17:59:30,422] {logging_mixin.py:104} INFO - [2021-06-25 17:59:30,422] {dagbag.py:487} INFO - Filling up the DagBag from /Users/saidamirmarufkhujaev/airflow/dags/parallel_dag.py
[2021-06-25 17:59:30,424] {scheduler_job.py:643} INFO - DAG(s) dict_keys(['parallel_dag']) retrieved from /Users/saidamirmarufkhujaev/airflow/dags/parallel_dag.py
[2021-06-25 17:59:30,435] {logging_mixin.py:104} INFO - [2021-06-25 17:59:30,435] {dag.py:1832} INFO - Sync 1 DAGs
[2021-06-25 17:59:30,438] {logging_mixin.py:104} INFO - [2021-06-25 17:59:30,438] {dag.py:2305} INFO - Setting next_dagrun for parallel_dag to 2021-06-25 00:00:00+00:00
[2021-06-25 17:59:30,441] {scheduler_job.py:190} INFO - Processing /Users/saidamirmarufkhujaev/airflow/dags/parallel_dag.py took 0.020 seconds
[2021-06-25 18:00:13,901] {scheduler_job.py:182} INFO - Started process (PID=41317) to work on /Users/saidamirmarufkhujaev/airflow/dags/parallel_dag.py
[2021-06-25 18:00:13,901] {scheduler_job.py:633} INFO - Processing file /Users/saidamirmarufkhujaev/airflow/dags/parallel_dag.py for tasks to queue
[2021-06-25 18:00:13,901] {logging_mixin.py:104} INFO - [2021-06-25 18:00:13,901] {dagbag.py:487} INFO - Filling up the DagBag from /Users/saidamirmarufkhujaev/airflow/dags/parallel_dag.py
[2021-06-25 18:00:13,903] {scheduler_job.py:643} INFO - DAG(s) dict_keys(['parallel_dag']) retrieved from /Users/saidamirmarufkhujaev/airflow/dags/parallel_dag.py
[2021-06-25 18:00:13,914] {logging_mixin.py:104} INFO - [2021-06-25 18:00:13,914] {dag.py:1832} INFO - Sync 1 DAGs
[2021-06-25 18:00:13,917] {logging_mixin.py:104} INFO - [2021-06-25 18:00:13,917] {dag.py:2305} INFO - Setting next_dagrun for parallel_dag to 2021-06-25 00:00:00+00:00
[2021-06-25 18:00:13,919] {scheduler_job.py:190} INFO - Processing /Users/saidamirmarufkhujaev/airflow/dags/parallel_dag.py took 0.019 seconds
[2021-06-25 18:00:45,449] {scheduler_job.py:182} INFO - Started process (PID=41342) to work on /Users/saidamirmarufkhujaev/airflow/dags/parallel_dag.py
[2021-06-25 18:00:45,449] {scheduler_job.py:633} INFO - Processing file /Users/saidamirmarufkhujaev/airflow/dags/parallel_dag.py for tasks to queue
[2021-06-25 18:00:45,449] {logging_mixin.py:104} INFO - [2021-06-25 18:00:45,449] {dagbag.py:487} INFO - Filling up the DagBag from /Users/saidamirmarufkhujaev/airflow/dags/parallel_dag.py
[2021-06-25 18:00:45,452] {scheduler_job.py:643} INFO - DAG(s) dict_keys(['parallel_dag']) retrieved from /Users/saidamirmarufkhujaev/airflow/dags/parallel_dag.py
[2021-06-25 18:00:45,462] {logging_mixin.py:104} INFO - [2021-06-25 18:00:45,462] {dag.py:1832} INFO - Sync 1 DAGs
[2021-06-25 18:00:45,465] {logging_mixin.py:104} INFO - [2021-06-25 18:00:45,465] {dag.py:2305} INFO - Setting next_dagrun for parallel_dag to 2021-06-25 00:00:00+00:00
[2021-06-25 18:00:45,467] {scheduler_job.py:190} INFO - Processing /Users/saidamirmarufkhujaev/airflow/dags/parallel_dag.py took 0.018 seconds
[2021-06-25 18:01:26,636] {scheduler_job.py:182} INFO - Started process (PID=41390) to work on /Users/saidamirmarufkhujaev/airflow/dags/parallel_dag.py
[2021-06-25 18:01:26,636] {scheduler_job.py:633} INFO - Processing file /Users/saidamirmarufkhujaev/airflow/dags/parallel_dag.py for tasks to queue
[2021-06-25 18:01:26,637] {logging_mixin.py:104} INFO - [2021-06-25 18:01:26,637] {dagbag.py:487} INFO - Filling up the DagBag from /Users/saidamirmarufkhujaev/airflow/dags/parallel_dag.py
[2021-06-25 18:01:26,639] {scheduler_job.py:643} INFO - DAG(s) dict_keys(['parallel_dag']) retrieved from /Users/saidamirmarufkhujaev/airflow/dags/parallel_dag.py
[2021-06-25 18:01:26,649] {logging_mixin.py:104} INFO - [2021-06-25 18:01:26,649] {dag.py:1832} INFO - Sync 1 DAGs
[2021-06-25 18:01:26,652] {logging_mixin.py:104} INFO - [2021-06-25 18:01:26,652] {dag.py:2305} INFO - Setting next_dagrun for parallel_dag to 2021-06-25 00:00:00+00:00
[2021-06-25 18:01:26,655] {scheduler_job.py:190} INFO - Processing /Users/saidamirmarufkhujaev/airflow/dags/parallel_dag.py took 0.019 seconds
[2021-06-25 18:02:10,919] {scheduler_job.py:182} INFO - Started process (PID=41424) to work on /Users/saidamirmarufkhujaev/airflow/dags/parallel_dag.py
[2021-06-25 18:02:10,919] {scheduler_job.py:633} INFO - Processing file /Users/saidamirmarufkhujaev/airflow/dags/parallel_dag.py for tasks to queue
[2021-06-25 18:02:10,919] {logging_mixin.py:104} INFO - [2021-06-25 18:02:10,919] {dagbag.py:487} INFO - Filling up the DagBag from /Users/saidamirmarufkhujaev/airflow/dags/parallel_dag.py
[2021-06-25 18:02:10,922] {scheduler_job.py:643} INFO - DAG(s) dict_keys(['parallel_dag']) retrieved from /Users/saidamirmarufkhujaev/airflow/dags/parallel_dag.py
[2021-06-25 18:02:10,932] {logging_mixin.py:104} INFO - [2021-06-25 18:02:10,932] {dag.py:1832} INFO - Sync 1 DAGs
[2021-06-25 18:02:10,935] {logging_mixin.py:104} INFO - [2021-06-25 18:02:10,935] {dag.py:2305} INFO - Setting next_dagrun for parallel_dag to 2021-06-25 00:00:00+00:00
[2021-06-25 18:02:10,938] {scheduler_job.py:190} INFO - Processing /Users/saidamirmarufkhujaev/airflow/dags/parallel_dag.py took 0.019 seconds
[2021-06-25 18:02:55,837] {scheduler_job.py:182} INFO - Started process (PID=41463) to work on /Users/saidamirmarufkhujaev/airflow/dags/parallel_dag.py
[2021-06-25 18:02:55,838] {scheduler_job.py:633} INFO - Processing file /Users/saidamirmarufkhujaev/airflow/dags/parallel_dag.py for tasks to queue
[2021-06-25 18:02:55,838] {logging_mixin.py:104} INFO - [2021-06-25 18:02:55,838] {dagbag.py:487} INFO - Filling up the DagBag from /Users/saidamirmarufkhujaev/airflow/dags/parallel_dag.py
[2021-06-25 18:02:55,841] {scheduler_job.py:643} INFO - DAG(s) dict_keys(['parallel_dag']) retrieved from /Users/saidamirmarufkhujaev/airflow/dags/parallel_dag.py
[2021-06-25 18:02:55,852] {logging_mixin.py:104} INFO - [2021-06-25 18:02:55,852] {dag.py:1832} INFO - Sync 1 DAGs
[2021-06-25 18:02:55,855] {logging_mixin.py:104} INFO - [2021-06-25 18:02:55,855] {dag.py:2305} INFO - Setting next_dagrun for parallel_dag to 2021-06-25 00:00:00+00:00
[2021-06-25 18:02:55,857] {scheduler_job.py:190} INFO - Processing /Users/saidamirmarufkhujaev/airflow/dags/parallel_dag.py took 0.021 seconds
[2021-06-25 18:03:39,528] {scheduler_job.py:182} INFO - Started process (PID=41499) to work on /Users/saidamirmarufkhujaev/airflow/dags/parallel_dag.py
[2021-06-25 18:03:39,528] {scheduler_job.py:633} INFO - Processing file /Users/saidamirmarufkhujaev/airflow/dags/parallel_dag.py for tasks to queue
[2021-06-25 18:03:39,528] {logging_mixin.py:104} INFO - [2021-06-25 18:03:39,528] {dagbag.py:487} INFO - Filling up the DagBag from /Users/saidamirmarufkhujaev/airflow/dags/parallel_dag.py
[2021-06-25 18:03:39,531] {scheduler_job.py:643} INFO - DAG(s) dict_keys(['parallel_dag']) retrieved from /Users/saidamirmarufkhujaev/airflow/dags/parallel_dag.py
[2021-06-25 18:03:39,541] {logging_mixin.py:104} INFO - [2021-06-25 18:03:39,541] {dag.py:1832} INFO - Sync 1 DAGs
[2021-06-25 18:03:39,544] {logging_mixin.py:104} INFO - [2021-06-25 18:03:39,544] {dag.py:2305} INFO - Setting next_dagrun for parallel_dag to 2021-06-25 00:00:00+00:00
[2021-06-25 18:03:39,547] {scheduler_job.py:190} INFO - Processing /Users/saidamirmarufkhujaev/airflow/dags/parallel_dag.py took 0.019 seconds
[2021-06-25 18:04:21,720] {scheduler_job.py:182} INFO - Started process (PID=41542) to work on /Users/saidamirmarufkhujaev/airflow/dags/parallel_dag.py
[2021-06-25 18:04:21,720] {scheduler_job.py:633} INFO - Processing file /Users/saidamirmarufkhujaev/airflow/dags/parallel_dag.py for tasks to queue
[2021-06-25 18:04:21,721] {logging_mixin.py:104} INFO - [2021-06-25 18:04:21,720] {dagbag.py:487} INFO - Filling up the DagBag from /Users/saidamirmarufkhujaev/airflow/dags/parallel_dag.py
[2021-06-25 18:04:21,723] {scheduler_job.py:643} INFO - DAG(s) dict_keys(['parallel_dag']) retrieved from /Users/saidamirmarufkhujaev/airflow/dags/parallel_dag.py
[2021-06-25 18:04:21,733] {logging_mixin.py:104} INFO - [2021-06-25 18:04:21,733] {dag.py:1832} INFO - Sync 1 DAGs
[2021-06-25 18:04:21,736] {logging_mixin.py:104} INFO - [2021-06-25 18:04:21,736] {dag.py:2305} INFO - Setting next_dagrun for parallel_dag to 2021-06-25 00:00:00+00:00
[2021-06-25 18:04:21,739] {scheduler_job.py:190} INFO - Processing /Users/saidamirmarufkhujaev/airflow/dags/parallel_dag.py took 0.019 seconds
[2021-06-25 18:05:04,319] {scheduler_job.py:182} INFO - Started process (PID=41577) to work on /Users/saidamirmarufkhujaev/airflow/dags/parallel_dag.py
[2021-06-25 18:05:04,319] {scheduler_job.py:633} INFO - Processing file /Users/saidamirmarufkhujaev/airflow/dags/parallel_dag.py for tasks to queue
[2021-06-25 18:05:04,319] {logging_mixin.py:104} INFO - [2021-06-25 18:05:04,319] {dagbag.py:487} INFO - Filling up the DagBag from /Users/saidamirmarufkhujaev/airflow/dags/parallel_dag.py
[2021-06-25 18:05:04,322] {scheduler_job.py:643} INFO - DAG(s) dict_keys(['parallel_dag']) retrieved from /Users/saidamirmarufkhujaev/airflow/dags/parallel_dag.py
[2021-06-25 18:05:04,332] {logging_mixin.py:104} INFO - [2021-06-25 18:05:04,332] {dag.py:1832} INFO - Sync 1 DAGs
[2021-06-25 18:05:04,335] {logging_mixin.py:104} INFO - [2021-06-25 18:05:04,335] {dag.py:2305} INFO - Setting next_dagrun for parallel_dag to 2021-06-25 00:00:00+00:00
[2021-06-25 18:05:04,337] {scheduler_job.py:190} INFO - Processing /Users/saidamirmarufkhujaev/airflow/dags/parallel_dag.py took 0.019 seconds
[2021-06-25 18:05:45,143] {scheduler_job.py:182} INFO - Started process (PID=41613) to work on /Users/saidamirmarufkhujaev/airflow/dags/parallel_dag.py
[2021-06-25 18:05:45,143] {scheduler_job.py:633} INFO - Processing file /Users/saidamirmarufkhujaev/airflow/dags/parallel_dag.py for tasks to queue
[2021-06-25 18:05:45,143] {logging_mixin.py:104} INFO - [2021-06-25 18:05:45,143] {dagbag.py:487} INFO - Filling up the DagBag from /Users/saidamirmarufkhujaev/airflow/dags/parallel_dag.py
[2021-06-25 18:05:45,145] {scheduler_job.py:643} INFO - DAG(s) dict_keys(['parallel_dag']) retrieved from /Users/saidamirmarufkhujaev/airflow/dags/parallel_dag.py
[2021-06-25 18:05:45,155] {logging_mixin.py:104} INFO - [2021-06-25 18:05:45,155] {dag.py:1832} INFO - Sync 1 DAGs
[2021-06-25 18:05:45,159] {logging_mixin.py:104} INFO - [2021-06-25 18:05:45,159] {dag.py:2305} INFO - Setting next_dagrun for parallel_dag to 2021-06-25 00:00:00+00:00
[2021-06-25 18:05:45,161] {scheduler_job.py:190} INFO - Processing /Users/saidamirmarufkhujaev/airflow/dags/parallel_dag.py took 0.019 seconds
[2021-06-25 18:06:27,134] {scheduler_job.py:182} INFO - Started process (PID=41650) to work on /Users/saidamirmarufkhujaev/airflow/dags/parallel_dag.py
[2021-06-25 18:06:27,134] {scheduler_job.py:633} INFO - Processing file /Users/saidamirmarufkhujaev/airflow/dags/parallel_dag.py for tasks to queue
[2021-06-25 18:06:27,134] {logging_mixin.py:104} INFO - [2021-06-25 18:06:27,134] {dagbag.py:487} INFO - Filling up the DagBag from /Users/saidamirmarufkhujaev/airflow/dags/parallel_dag.py
[2021-06-25 18:06:27,137] {scheduler_job.py:643} INFO - DAG(s) dict_keys(['parallel_dag']) retrieved from /Users/saidamirmarufkhujaev/airflow/dags/parallel_dag.py
[2021-06-25 18:06:27,147] {logging_mixin.py:104} INFO - [2021-06-25 18:06:27,147] {dag.py:1832} INFO - Sync 1 DAGs
[2021-06-25 18:06:27,150] {logging_mixin.py:104} INFO - [2021-06-25 18:06:27,150] {dag.py:2305} INFO - Setting next_dagrun for parallel_dag to 2021-06-25 00:00:00+00:00
[2021-06-25 18:06:27,153] {scheduler_job.py:190} INFO - Processing /Users/saidamirmarufkhujaev/airflow/dags/parallel_dag.py took 0.019 seconds
[2021-06-25 18:07:09,826] {scheduler_job.py:182} INFO - Started process (PID=41686) to work on /Users/saidamirmarufkhujaev/airflow/dags/parallel_dag.py
[2021-06-25 18:07:09,827] {scheduler_job.py:633} INFO - Processing file /Users/saidamirmarufkhujaev/airflow/dags/parallel_dag.py for tasks to queue
[2021-06-25 18:07:09,827] {logging_mixin.py:104} INFO - [2021-06-25 18:07:09,827] {dagbag.py:487} INFO - Filling up the DagBag from /Users/saidamirmarufkhujaev/airflow/dags/parallel_dag.py
[2021-06-25 18:07:09,829] {scheduler_job.py:643} INFO - DAG(s) dict_keys(['parallel_dag']) retrieved from /Users/saidamirmarufkhujaev/airflow/dags/parallel_dag.py
[2021-06-25 18:07:09,839] {logging_mixin.py:104} INFO - [2021-06-25 18:07:09,839] {dag.py:1832} INFO - Sync 1 DAGs
[2021-06-25 18:07:09,842] {logging_mixin.py:104} INFO - [2021-06-25 18:07:09,842] {dag.py:2305} INFO - Setting next_dagrun for parallel_dag to 2021-06-25 00:00:00+00:00
[2021-06-25 18:07:09,845] {scheduler_job.py:190} INFO - Processing /Users/saidamirmarufkhujaev/airflow/dags/parallel_dag.py took 0.019 seconds
[2021-06-25 18:07:40,855] {scheduler_job.py:182} INFO - Started process (PID=41710) to work on /Users/saidamirmarufkhujaev/airflow/dags/parallel_dag.py
[2021-06-25 18:07:40,855] {scheduler_job.py:633} INFO - Processing file /Users/saidamirmarufkhujaev/airflow/dags/parallel_dag.py for tasks to queue
[2021-06-25 18:07:40,855] {logging_mixin.py:104} INFO - [2021-06-25 18:07:40,855] {dagbag.py:487} INFO - Filling up the DagBag from /Users/saidamirmarufkhujaev/airflow/dags/parallel_dag.py
[2021-06-25 18:07:40,858] {scheduler_job.py:643} INFO - DAG(s) dict_keys(['parallel_dag']) retrieved from /Users/saidamirmarufkhujaev/airflow/dags/parallel_dag.py
[2021-06-25 18:07:40,868] {logging_mixin.py:104} INFO - [2021-06-25 18:07:40,868] {dag.py:1832} INFO - Sync 1 DAGs
[2021-06-25 18:07:40,871] {logging_mixin.py:104} INFO - [2021-06-25 18:07:40,871] {dag.py:2305} INFO - Setting next_dagrun for parallel_dag to 2021-06-25 00:00:00+00:00
[2021-06-25 18:07:40,874] {scheduler_job.py:190} INFO - Processing /Users/saidamirmarufkhujaev/airflow/dags/parallel_dag.py took 0.019 seconds
[2021-06-25 18:08:26,452] {scheduler_job.py:182} INFO - Started process (PID=41857) to work on /Users/saidamirmarufkhujaev/airflow/dags/parallel_dag.py
[2021-06-25 18:08:26,453] {scheduler_job.py:633} INFO - Processing file /Users/saidamirmarufkhujaev/airflow/dags/parallel_dag.py for tasks to queue
[2021-06-25 18:08:26,453] {logging_mixin.py:104} INFO - [2021-06-25 18:08:26,453] {dagbag.py:487} INFO - Filling up the DagBag from /Users/saidamirmarufkhujaev/airflow/dags/parallel_dag.py
[2021-06-25 18:08:26,456] {scheduler_job.py:643} INFO - DAG(s) dict_keys(['parallel_dag']) retrieved from /Users/saidamirmarufkhujaev/airflow/dags/parallel_dag.py
[2021-06-25 18:08:26,466] {logging_mixin.py:104} INFO - [2021-06-25 18:08:26,466] {dag.py:1832} INFO - Sync 1 DAGs
[2021-06-25 18:08:26,469] {logging_mixin.py:104} INFO - [2021-06-25 18:08:26,469] {dag.py:2305} INFO - Setting next_dagrun for parallel_dag to 2021-06-25 00:00:00+00:00
[2021-06-25 18:08:26,471] {scheduler_job.py:190} INFO - Processing /Users/saidamirmarufkhujaev/airflow/dags/parallel_dag.py took 0.020 seconds
[2021-06-25 18:08:57,379] {scheduler_job.py:182} INFO - Started process (PID=41885) to work on /Users/saidamirmarufkhujaev/airflow/dags/parallel_dag.py
[2021-06-25 18:08:57,380] {scheduler_job.py:633} INFO - Processing file /Users/saidamirmarufkhujaev/airflow/dags/parallel_dag.py for tasks to queue
[2021-06-25 18:08:57,380] {logging_mixin.py:104} INFO - [2021-06-25 18:08:57,380] {dagbag.py:487} INFO - Filling up the DagBag from /Users/saidamirmarufkhujaev/airflow/dags/parallel_dag.py
[2021-06-25 18:08:57,383] {scheduler_job.py:643} INFO - DAG(s) dict_keys(['parallel_dag']) retrieved from /Users/saidamirmarufkhujaev/airflow/dags/parallel_dag.py
[2021-06-25 18:08:57,393] {logging_mixin.py:104} INFO - [2021-06-25 18:08:57,393] {dag.py:1832} INFO - Sync 1 DAGs
[2021-06-25 18:08:57,396] {logging_mixin.py:104} INFO - [2021-06-25 18:08:57,396] {dag.py:2305} INFO - Setting next_dagrun for parallel_dag to 2021-06-25 00:00:00+00:00
[2021-06-25 18:08:57,398] {scheduler_job.py:190} INFO - Processing /Users/saidamirmarufkhujaev/airflow/dags/parallel_dag.py took 0.020 seconds
[2021-06-25 18:09:42,201] {scheduler_job.py:182} INFO - Started process (PID=41920) to work on /Users/saidamirmarufkhujaev/airflow/dags/parallel_dag.py
[2021-06-25 18:09:42,201] {scheduler_job.py:633} INFO - Processing file /Users/saidamirmarufkhujaev/airflow/dags/parallel_dag.py for tasks to queue
[2021-06-25 18:09:42,201] {logging_mixin.py:104} INFO - [2021-06-25 18:09:42,201] {dagbag.py:487} INFO - Filling up the DagBag from /Users/saidamirmarufkhujaev/airflow/dags/parallel_dag.py
[2021-06-25 18:09:42,203] {scheduler_job.py:643} INFO - DAG(s) dict_keys(['parallel_dag']) retrieved from /Users/saidamirmarufkhujaev/airflow/dags/parallel_dag.py
[2021-06-25 18:09:42,213] {logging_mixin.py:104} INFO - [2021-06-25 18:09:42,213] {dag.py:1832} INFO - Sync 1 DAGs
[2021-06-25 18:09:42,217] {logging_mixin.py:104} INFO - [2021-06-25 18:09:42,216] {dag.py:2305} INFO - Setting next_dagrun for parallel_dag to 2021-06-25 00:00:00+00:00
[2021-06-25 18:09:42,219] {scheduler_job.py:190} INFO - Processing /Users/saidamirmarufkhujaev/airflow/dags/parallel_dag.py took 0.019 seconds
[2021-06-25 18:10:20,419] {scheduler_job.py:182} INFO - Started process (PID=41961) to work on /Users/saidamirmarufkhujaev/airflow/dags/parallel_dag.py
[2021-06-25 18:10:20,420] {scheduler_job.py:633} INFO - Processing file /Users/saidamirmarufkhujaev/airflow/dags/parallel_dag.py for tasks to queue
[2021-06-25 18:10:20,420] {logging_mixin.py:104} INFO - [2021-06-25 18:10:20,420] {dagbag.py:487} INFO - Filling up the DagBag from /Users/saidamirmarufkhujaev/airflow/dags/parallel_dag.py
[2021-06-25 18:10:20,423] {scheduler_job.py:643} INFO - DAG(s) dict_keys(['parallel_dag']) retrieved from /Users/saidamirmarufkhujaev/airflow/dags/parallel_dag.py
[2021-06-25 18:10:20,433] {logging_mixin.py:104} INFO - [2021-06-25 18:10:20,433] {dag.py:1832} INFO - Sync 1 DAGs
[2021-06-25 18:10:20,436] {logging_mixin.py:104} INFO - [2021-06-25 18:10:20,436] {dag.py:2305} INFO - Setting next_dagrun for parallel_dag to 2021-06-25 00:00:00+00:00
[2021-06-25 18:10:20,438] {scheduler_job.py:190} INFO - Processing /Users/saidamirmarufkhujaev/airflow/dags/parallel_dag.py took 0.019 seconds
[2021-06-25 18:11:03,731] {scheduler_job.py:182} INFO - Started process (PID=42021) to work on /Users/saidamirmarufkhujaev/airflow/dags/parallel_dag.py
[2021-06-25 18:11:03,731] {scheduler_job.py:633} INFO - Processing file /Users/saidamirmarufkhujaev/airflow/dags/parallel_dag.py for tasks to queue
[2021-06-25 18:11:03,732] {logging_mixin.py:104} INFO - [2021-06-25 18:11:03,732] {dagbag.py:487} INFO - Filling up the DagBag from /Users/saidamirmarufkhujaev/airflow/dags/parallel_dag.py
[2021-06-25 18:11:03,735] {scheduler_job.py:643} INFO - DAG(s) dict_keys(['parallel_dag']) retrieved from /Users/saidamirmarufkhujaev/airflow/dags/parallel_dag.py
[2021-06-25 18:11:03,746] {logging_mixin.py:104} INFO - [2021-06-25 18:11:03,746] {dag.py:1832} INFO - Sync 1 DAGs
[2021-06-25 18:11:03,755] {scheduler_job.py:193} ERROR - Got an exception! Propagating...
Traceback (most recent call last):
  File "/Users/saidamirmarufkhujaev/venv/lib/python3.9/site-packages/sqlalchemy/engine/base.py", line 1276, in _execute_context
    self.dialect.do_execute(
  File "/Users/saidamirmarufkhujaev/venv/lib/python3.9/site-packages/sqlalchemy/engine/default.py", line 608, in do_execute
    cursor.execute(statement, parameters)
psycopg2.errors.InFailedSqlTransaction: current transaction is aborted, commands ignored until end of transaction block


The above exception was the direct cause of the following exception:

Traceback (most recent call last):
  File "/Users/saidamirmarufkhujaev/venv/lib/python3.9/site-packages/airflow/jobs/scheduler_job.py", line 184, in _run_file_processor
    result: Tuple[int, int] = dag_file_processor.process_file(
  File "/Users/saidamirmarufkhujaev/venv/lib/python3.9/site-packages/airflow/utils/session.py", line 70, in wrapper
    return func(*args, session=session, **kwargs)
  File "/Users/saidamirmarufkhujaev/venv/lib/python3.9/site-packages/airflow/jobs/scheduler_job.py", line 652, in process_file
    dagbag.sync_to_db()
  File "/Users/saidamirmarufkhujaev/venv/lib/python3.9/site-packages/airflow/utils/session.py", line 70, in wrapper
    return func(*args, session=session, **kwargs)
  File "/Users/saidamirmarufkhujaev/venv/lib/python3.9/site-packages/airflow/models/dagbag.py", line 594, in sync_to_db
    for attempt in run_with_db_retries(logger=self.log):
  File "/Users/saidamirmarufkhujaev/venv/lib/python3.9/site-packages/tenacity/__init__.py", line 390, in __iter__
    do = self.iter(retry_state=retry_state)
  File "/Users/saidamirmarufkhujaev/venv/lib/python3.9/site-packages/tenacity/__init__.py", line 356, in iter
    return fut.result()
  File "/opt/homebrew/Cellar/python@3.9/3.9.5/Frameworks/Python.framework/Versions/3.9/lib/python3.9/concurrent/futures/_base.py", line 438, in result
    return self.__get_result()
  File "/opt/homebrew/Cellar/python@3.9/3.9.5/Frameworks/Python.framework/Versions/3.9/lib/python3.9/concurrent/futures/_base.py", line 390, in __get_result
    raise self._exception
  File "/Users/saidamirmarufkhujaev/venv/lib/python3.9/site-packages/airflow/models/dagbag.py", line 608, in sync_to_db
    DAG.bulk_write_to_db(self.dags.values(), session=session)
  File "/Users/saidamirmarufkhujaev/venv/lib/python3.9/site-packages/airflow/utils/session.py", line 67, in wrapper
    return func(*args, **kwargs)
  File "/Users/saidamirmarufkhujaev/venv/lib/python3.9/site-packages/airflow/models/dag.py", line 1840, in bulk_write_to_db
    orm_dags = with_row_locks(query, of=DagModel, session=session).all()
  File "/Users/saidamirmarufkhujaev/venv/lib/python3.9/site-packages/sqlalchemy/orm/query.py", line 3373, in all
    return list(self)
  File "/Users/saidamirmarufkhujaev/venv/lib/python3.9/site-packages/sqlalchemy/orm/query.py", line 3535, in __iter__
    return self._execute_and_instances(context)
  File "/Users/saidamirmarufkhujaev/venv/lib/python3.9/site-packages/sqlalchemy/orm/query.py", line 3560, in _execute_and_instances
    result = conn.execute(querycontext.statement, self._params)
  File "/Users/saidamirmarufkhujaev/venv/lib/python3.9/site-packages/sqlalchemy/engine/base.py", line 1011, in execute
    return meth(self, multiparams, params)
  File "/Users/saidamirmarufkhujaev/venv/lib/python3.9/site-packages/sqlalchemy/sql/elements.py", line 298, in _execute_on_connection
    return connection._execute_clauseelement(self, multiparams, params)
  File "/Users/saidamirmarufkhujaev/venv/lib/python3.9/site-packages/sqlalchemy/engine/base.py", line 1124, in _execute_clauseelement
    ret = self._execute_context(
  File "/Users/saidamirmarufkhujaev/venv/lib/python3.9/site-packages/sqlalchemy/engine/base.py", line 1316, in _execute_context
    self._handle_dbapi_exception(
  File "/Users/saidamirmarufkhujaev/venv/lib/python3.9/site-packages/sqlalchemy/engine/base.py", line 1510, in _handle_dbapi_exception
    util.raise_(
  File "/Users/saidamirmarufkhujaev/venv/lib/python3.9/site-packages/sqlalchemy/util/compat.py", line 182, in raise_
    raise exception
  File "/Users/saidamirmarufkhujaev/venv/lib/python3.9/site-packages/sqlalchemy/engine/base.py", line 1276, in _execute_context
    self.dialect.do_execute(
  File "/Users/saidamirmarufkhujaev/venv/lib/python3.9/site-packages/sqlalchemy/engine/default.py", line 608, in do_execute
    cursor.execute(statement, parameters)
sqlalchemy.exc.InternalError: (psycopg2.errors.InFailedSqlTransaction) current transaction is aborted, commands ignored until end of transaction block

[SQL: SELECT dag.dag_id AS dag_dag_id, dag.root_dag_id AS dag_root_dag_id, dag.is_paused AS dag_is_paused, dag.is_subdag AS dag_is_subdag, dag.is_active AS dag_is_active, dag.last_parsed_time AS dag_last_parsed_time, dag.last_pickled AS dag_last_pickled, dag.last_expired AS dag_last_expired, dag.scheduler_lock AS dag_scheduler_lock, dag.pickle_id AS dag_pickle_id, dag.fileloc AS dag_fileloc, dag.owners AS dag_owners, dag.description AS dag_description, dag.default_view AS dag_default_view, dag.schedule_interval AS dag_schedule_interval, dag.concurrency AS dag_concurrency, dag.has_task_concurrency_limits AS dag_has_task_concurrency_limits, dag.next_dagrun AS dag_next_dagrun, dag.next_dagrun_create_after AS dag_next_dagrun_create_after, dag_tag_1.name AS dag_tag_1_name, dag_tag_1.dag_id AS dag_tag_1_dag_id 
FROM dag LEFT OUTER JOIN dag_tag AS dag_tag_1 ON dag.dag_id = dag_tag_1.dag_id 
WHERE dag.dag_id IN (%(dag_id_1)s) FOR UPDATE OF dag]
[parameters: {'dag_id_1': 'parallel_dag'}]
(Background on this error at: http://sqlalche.me/e/13/2j85)
[2021-06-25 18:11:45,749] {scheduler_job.py:182} INFO - Started process (PID=42091) to work on /Users/saidamirmarufkhujaev/airflow/dags/parallel_dag.py
[2021-06-25 18:11:45,750] {scheduler_job.py:633} INFO - Processing file /Users/saidamirmarufkhujaev/airflow/dags/parallel_dag.py for tasks to queue
[2021-06-25 18:11:45,751] {logging_mixin.py:104} INFO - [2021-06-25 18:11:45,750] {dagbag.py:487} INFO - Filling up the DagBag from /Users/saidamirmarufkhujaev/airflow/dags/parallel_dag.py
[2021-06-25 18:11:45,754] {scheduler_job.py:643} INFO - DAG(s) dict_keys(['parallel_dag']) retrieved from /Users/saidamirmarufkhujaev/airflow/dags/parallel_dag.py
[2021-06-25 18:11:45,765] {logging_mixin.py:104} INFO - [2021-06-25 18:11:45,764] {dag.py:1832} INFO - Sync 1 DAGs
[2021-06-25 18:11:45,774] {scheduler_job.py:193} ERROR - Got an exception! Propagating...
Traceback (most recent call last):
  File "/Users/saidamirmarufkhujaev/venv/lib/python3.9/site-packages/sqlalchemy/engine/base.py", line 1276, in _execute_context
    self.dialect.do_execute(
  File "/Users/saidamirmarufkhujaev/venv/lib/python3.9/site-packages/sqlalchemy/engine/default.py", line 608, in do_execute
    cursor.execute(statement, parameters)
psycopg2.errors.InFailedSqlTransaction: current transaction is aborted, commands ignored until end of transaction block


The above exception was the direct cause of the following exception:

Traceback (most recent call last):
  File "/Users/saidamirmarufkhujaev/venv/lib/python3.9/site-packages/airflow/jobs/scheduler_job.py", line 184, in _run_file_processor
    result: Tuple[int, int] = dag_file_processor.process_file(
  File "/Users/saidamirmarufkhujaev/venv/lib/python3.9/site-packages/airflow/utils/session.py", line 70, in wrapper
    return func(*args, session=session, **kwargs)
  File "/Users/saidamirmarufkhujaev/venv/lib/python3.9/site-packages/airflow/jobs/scheduler_job.py", line 652, in process_file
    dagbag.sync_to_db()
  File "/Users/saidamirmarufkhujaev/venv/lib/python3.9/site-packages/airflow/utils/session.py", line 70, in wrapper
    return func(*args, session=session, **kwargs)
  File "/Users/saidamirmarufkhujaev/venv/lib/python3.9/site-packages/airflow/models/dagbag.py", line 594, in sync_to_db
    for attempt in run_with_db_retries(logger=self.log):
  File "/Users/saidamirmarufkhujaev/venv/lib/python3.9/site-packages/tenacity/__init__.py", line 390, in __iter__
    do = self.iter(retry_state=retry_state)
  File "/Users/saidamirmarufkhujaev/venv/lib/python3.9/site-packages/tenacity/__init__.py", line 356, in iter
    return fut.result()
  File "/opt/homebrew/Cellar/python@3.9/3.9.5/Frameworks/Python.framework/Versions/3.9/lib/python3.9/concurrent/futures/_base.py", line 438, in result
    return self.__get_result()
  File "/opt/homebrew/Cellar/python@3.9/3.9.5/Frameworks/Python.framework/Versions/3.9/lib/python3.9/concurrent/futures/_base.py", line 390, in __get_result
    raise self._exception
  File "/Users/saidamirmarufkhujaev/venv/lib/python3.9/site-packages/airflow/models/dagbag.py", line 608, in sync_to_db
    DAG.bulk_write_to_db(self.dags.values(), session=session)
  File "/Users/saidamirmarufkhujaev/venv/lib/python3.9/site-packages/airflow/utils/session.py", line 67, in wrapper
    return func(*args, **kwargs)
  File "/Users/saidamirmarufkhujaev/venv/lib/python3.9/site-packages/airflow/models/dag.py", line 1840, in bulk_write_to_db
    orm_dags = with_row_locks(query, of=DagModel, session=session).all()
  File "/Users/saidamirmarufkhujaev/venv/lib/python3.9/site-packages/sqlalchemy/orm/query.py", line 3373, in all
    return list(self)
  File "/Users/saidamirmarufkhujaev/venv/lib/python3.9/site-packages/sqlalchemy/orm/query.py", line 3535, in __iter__
    return self._execute_and_instances(context)
  File "/Users/saidamirmarufkhujaev/venv/lib/python3.9/site-packages/sqlalchemy/orm/query.py", line 3560, in _execute_and_instances
    result = conn.execute(querycontext.statement, self._params)
  File "/Users/saidamirmarufkhujaev/venv/lib/python3.9/site-packages/sqlalchemy/engine/base.py", line 1011, in execute
    return meth(self, multiparams, params)
  File "/Users/saidamirmarufkhujaev/venv/lib/python3.9/site-packages/sqlalchemy/sql/elements.py", line 298, in _execute_on_connection
    return connection._execute_clauseelement(self, multiparams, params)
  File "/Users/saidamirmarufkhujaev/venv/lib/python3.9/site-packages/sqlalchemy/engine/base.py", line 1124, in _execute_clauseelement
    ret = self._execute_context(
  File "/Users/saidamirmarufkhujaev/venv/lib/python3.9/site-packages/sqlalchemy/engine/base.py", line 1316, in _execute_context
    self._handle_dbapi_exception(
  File "/Users/saidamirmarufkhujaev/venv/lib/python3.9/site-packages/sqlalchemy/engine/base.py", line 1510, in _handle_dbapi_exception
    util.raise_(
  File "/Users/saidamirmarufkhujaev/venv/lib/python3.9/site-packages/sqlalchemy/util/compat.py", line 182, in raise_
    raise exception
  File "/Users/saidamirmarufkhujaev/venv/lib/python3.9/site-packages/sqlalchemy/engine/base.py", line 1276, in _execute_context
    self.dialect.do_execute(
  File "/Users/saidamirmarufkhujaev/venv/lib/python3.9/site-packages/sqlalchemy/engine/default.py", line 608, in do_execute
    cursor.execute(statement, parameters)
sqlalchemy.exc.InternalError: (psycopg2.errors.InFailedSqlTransaction) current transaction is aborted, commands ignored until end of transaction block

[SQL: SELECT dag.dag_id AS dag_dag_id, dag.root_dag_id AS dag_root_dag_id, dag.is_paused AS dag_is_paused, dag.is_subdag AS dag_is_subdag, dag.is_active AS dag_is_active, dag.last_parsed_time AS dag_last_parsed_time, dag.last_pickled AS dag_last_pickled, dag.last_expired AS dag_last_expired, dag.scheduler_lock AS dag_scheduler_lock, dag.pickle_id AS dag_pickle_id, dag.fileloc AS dag_fileloc, dag.owners AS dag_owners, dag.description AS dag_description, dag.default_view AS dag_default_view, dag.schedule_interval AS dag_schedule_interval, dag.concurrency AS dag_concurrency, dag.has_task_concurrency_limits AS dag_has_task_concurrency_limits, dag.next_dagrun AS dag_next_dagrun, dag.next_dagrun_create_after AS dag_next_dagrun_create_after, dag_tag_1.name AS dag_tag_1_name, dag_tag_1.dag_id AS dag_tag_1_dag_id 
FROM dag LEFT OUTER JOIN dag_tag AS dag_tag_1 ON dag.dag_id = dag_tag_1.dag_id 
WHERE dag.dag_id IN (%(dag_id_1)s) FOR UPDATE OF dag]
[parameters: {'dag_id_1': 'parallel_dag'}]
(Background on this error at: http://sqlalche.me/e/13/2j85)
