[2021-06-25 17:42:37,219] {taskinstance.py:876} INFO - Dependencies all met for <TaskInstance: parallel_dag.task_4 2021-06-24T00:00:00+00:00 [queued]>
[2021-06-25 17:42:37,220] {taskinstance.py:876} INFO - Dependencies all met for <TaskInstance: parallel_dag.task_4 2021-06-24T00:00:00+00:00 [queued]>
[2021-06-25 17:42:37,221] {taskinstance.py:1067} INFO - 
--------------------------------------------------------------------------------
[2021-06-25 17:42:37,221] {taskinstance.py:1068} INFO - Starting attempt 1 of 1
[2021-06-25 17:42:37,221] {taskinstance.py:1069} INFO - 
--------------------------------------------------------------------------------
[2021-06-25 17:42:37,222] {taskinstance.py:1087} INFO - Executing <Task(BashOperator): task_4> on 2021-06-24T00:00:00+00:00
[2021-06-25 17:42:37,224] {standard_task_runner.py:52} INFO - Started process 37694 to run task
[2021-06-25 17:42:37,226] {standard_task_runner.py:76} INFO - Running: ['airflow', 'tasks', 'run', 'parallel_dag', 'task_4', '2021-06-24T00:00:00+00:00', '--job-id', '21', '--pool', 'default_pool', '--raw', '--subdir', 'DAGS_FOLDER/parallel_dag.py', '--cfg-path', '/var/folders/9t/2jnn4bv95w9552ldckktgq900000gn/T/tmptu6qo36m', '--error-file', '/var/folders/9t/2jnn4bv95w9552ldckktgq900000gn/T/tmpmjszrf3n']
[2021-06-25 17:42:37,227] {standard_task_runner.py:77} INFO - Job 21: Subtask task_4
[2021-06-25 17:42:37,236] {logging_mixin.py:104} INFO - Running <TaskInstance: parallel_dag.task_4 2021-06-24T00:00:00+00:00 [running]> on host saidamirs-macbook-pro.local
[2021-06-25 17:42:37,246] {taskinstance.py:1280} INFO - Exporting the following env vars:
AIRFLOW_CTX_DAG_OWNER=airflow
AIRFLOW_CTX_DAG_ID=parallel_dag
AIRFLOW_CTX_TASK_ID=task_4
AIRFLOW_CTX_EXECUTION_DATE=2021-06-24T00:00:00+00:00
AIRFLOW_CTX_DAG_RUN_ID=scheduled__2021-06-24T00:00:00+00:00
[2021-06-25 17:42:37,246] {subprocess.py:52} INFO - Tmp dir root location: 
 /var/folders/9t/2jnn4bv95w9552ldckktgq900000gn/T
[2021-06-25 17:42:37,246] {subprocess.py:63} INFO - Running command: ['bash', '-c', 'sleep 3']
[2021-06-25 17:42:37,249] {subprocess.py:75} INFO - Output:
[2021-06-25 17:42:40,255] {subprocess.py:83} INFO - Command exited with return code 0
[2021-06-25 17:42:40,269] {taskinstance.py:1184} INFO - Marking task as SUCCESS. dag_id=parallel_dag, task_id=task_4, execution_date=20210624T000000, start_date=20210625T124237, end_date=20210625T124240
[2021-06-25 17:42:40,280] {taskinstance.py:1245} INFO - 0 downstream tasks scheduled from follow-on schedule check
[2021-06-25 17:42:40,294] {local_task_job.py:151} INFO - Task exited with return code 0
